#
# There is insufficient memory for the Java Runtime Environment to continue.
# Native memory allocation (malloc) failed to allocate 1129776 bytes for Chunk::new
# Possible reasons:
#   The system is out of physical RAM or swap space
#   The process is running with CompressedOops enabled, and the Java Heap may be blocking the growth of the native heap
# Possible solutions:
#   Reduce memory load on the system
#   Increase physical memory or swap space
#   Check if swap backing store is full
#   Decrease Java heap size (-Xmx/-Xms)
#   Decrease number of Java threads
#   Decrease Java thread stack sizes (-Xss)
#   Set larger code cache with -XX:ReservedCodeCacheSize=
#   JVM is running with Unscaled Compressed Oops mode in which the Java heap is
#     placed in the first 4GB address space. The Java Heap base address is the
#     maximum limit for the native heap growth. Please use -XX:HeapBaseMinAddress
#     to set the Java Heap base and to place the Java Heap above 4GB virtual address.
# This output file may be truncated or incomplete.
#
#  Out of Memory Error (allocation.cpp:389), pid=8360, tid=0x000000000000225c
#
# JRE version: OpenJDK Runtime Environment (8.0_242-b01) (build 1.8.0_242-release-1644-b01)
# Java VM: OpenJDK 64-Bit Server VM (25.242-b01 mixed mode windows-amd64 compressed oops)
# Failed to write core dump. Minidumps are not enabled by default on client versions of Windows
#

---------------  T H R E A D  ---------------

Current thread (0x00000000589b7000):  JavaThread "C2 CompilerThread1" daemon [_thread_in_native, id=8796, stack(0x00000000592e0000,0x00000000593e0000)]

Stack: [0x00000000592e0000,0x00000000593e0000]
[error occurred during error reporting (printing stack bounds), id 0xc0000005]

Native frames: (J=compiled Java code, j=interpreted, Vv=VM code, C=native code)


Current CompileTask:
C2:   4518 4130   !   4       java.util.jar.Attributes::read (380 bytes)


---------------  P R O C E S S  ---------------

Java Threads: ( => current thread )
  0x0000000062fed000 JavaThread "Cache worker for Build Output Cleanup Cache (C:\Users\Administrator\AndroidProject\Receving_Order\.gradle\buildOutputCleanup)" [_thread_blocked, id=8516, stack(0x000000006dba0000,0x000000006dca0000)]
  0x000000005e424000 JavaThread "jar transforms Thread 113" [_thread_blocked, id=8472, stack(0x000000006da70000,0x000000006db70000)]
  0x000000005e423000 JavaThread "jar transforms Thread 112" [_thread_blocked, id=8840, stack(0x000000006d8c0000,0x000000006d9c0000)]
  0x000000005e422800 JavaThread "jar transforms Thread 111" [_thread_blocked, id=6312, stack(0x000000006d540000,0x000000006d640000)]
  0x000000005e421800 JavaThread "jar transforms Thread 110" [_thread_blocked, id=8476, stack(0x000000006d670000,0x000000006d770000)]
  0x000000005e421000 JavaThread "jar transforms Thread 109" [_thread_blocked, id=3532, stack(0x000000006d3b0000,0x000000006d4b0000)]
  0x000000005e420000 JavaThread "jar transforms Thread 108" [_thread_blocked, id=7564, stack(0x000000006c220000,0x000000006c320000)]
  0x000000005e41f800 JavaThread "jar transforms Thread 107" [_thread_blocked, id=4520, stack(0x000000006d1f0000,0x000000006d2f0000)]
  0x000000005e41e800 JavaThread "jar transforms Thread 106" [_thread_blocked, id=6960, stack(0x000000006cd80000,0x000000006ce80000)]
  0x000000005e41e000 JavaThread "jar transforms Thread 105" [_thread_blocked, id=6480, stack(0x000000006d0f0000,0x000000006d1f0000)]
  0x000000005e41d000 JavaThread "jar transforms Thread 104" [_thread_blocked, id=7404, stack(0x000000006cef0000,0x000000006cff0000)]
  0x000000005e448000 JavaThread "jar transforms Thread 103" [_thread_blocked, id=9044, stack(0x000000006cc70000,0x000000006cd70000)]
  0x000000005e447000 JavaThread "jar transforms Thread 102" [_thread_blocked, id=9008, stack(0x0000000064690000,0x0000000064790000)]
  0x000000005e446800 JavaThread "jar transforms Thread 101" [_thread_blocked, id=7072, stack(0x000000006be40000,0x000000006bf40000)]
  0x000000005e445800 JavaThread "jar transforms Thread 100" [_thread_blocked, id=4640, stack(0x000000006cb70000,0x000000006cc70000)]
  0x000000005e445000 JavaThread "jar transforms Thread 99" [_thread_blocked, id=7708, stack(0x000000006ca20000,0x000000006cb20000)]
  0x000000005e444000 JavaThread "jar transforms Thread 98" [_thread_blocked, id=4080, stack(0x000000006c910000,0x000000006ca10000)]
  0x000000005e443800 JavaThread "jar transforms Thread 97" [_thread_blocked, id=6096, stack(0x000000006c800000,0x000000006c900000)]
  0x000000005e442800 JavaThread "jar transforms Thread 96" [_thread_blocked, id=2612, stack(0x000000006c680000,0x000000006c780000)]
  0x000000005e442000 JavaThread "jar transforms Thread 95" [_thread_blocked, id=1580, stack(0x000000006c490000,0x000000006c590000)]
  0x000000005e441000 JavaThread "jar transforms Thread 94" [_thread_blocked, id=8340, stack(0x000000006c340000,0x000000006c440000)]
  0x000000005e687000 JavaThread "jar transforms Thread 93" [_thread_blocked, id=7876, stack(0x000000006c110000,0x000000006c210000)]
  0x000000005e686000 JavaThread "jar transforms Thread 92" [_thread_blocked, id=8880, stack(0x000000006bfa0000,0x000000006c0a0000)]
  0x000000005e685800 JavaThread "jar transforms Thread 91" [_thread_blocked, id=8876, stack(0x000000006bd30000,0x000000006be30000)]
  0x000000005e684800 JavaThread "jar transforms Thread 90" [_thread_blocked, id=6056, stack(0x000000006b8e0000,0x000000006b9e0000)]
  0x000000005e684000 JavaThread "jar transforms Thread 89" [_thread_blocked, id=8972, stack(0x000000006bbb0000,0x000000006bcb0000)]
  0x000000005e683000 JavaThread "jar transforms Thread 88" [_thread_blocked, id=8888, stack(0x000000006ba90000,0x000000006bb90000)]
  0x000000005e682800 JavaThread "jar transforms Thread 87" [_thread_blocked, id=8884, stack(0x000000006b7e0000,0x000000006b8e0000)]
  0x000000005e681800 JavaThread "jar transforms Thread 86" [_thread_blocked, id=7664, stack(0x000000006b610000,0x000000006b710000)]
  0x000000005e681000 JavaThread "jar transforms Thread 85" [_thread_blocked, id=7464, stack(0x000000006b440000,0x000000006b540000)]
  0x000000005e680000 JavaThread "jar transforms Thread 84" [_thread_blocked, id=6648, stack(0x0000000064580000,0x0000000064680000)]
  0x000000005eb95800 JavaThread "jar transforms Thread 83" [_thread_blocked, id=5912, stack(0x000000006b070000,0x000000006b170000)]
  0x000000005eb94800 JavaThread "jar transforms Thread 82" [_thread_blocked, id=4188, stack(0x000000006abb0000,0x000000006acb0000)]
  0x000000005eb93800 JavaThread "jar transforms Thread 81" [_thread_blocked, id=6296, stack(0x000000006af50000,0x000000006b050000)]
  0x000000005eb93000 JavaThread "jar transforms Thread 80" [_thread_blocked, id=2860, stack(0x000000006ad60000,0x000000006ae60000)]
  0x000000005eb92000 JavaThread "jar transforms Thread 79" [_thread_blocked, id=6036, stack(0x000000006aa90000,0x000000006ab90000)]
  0x000000005eb91800 JavaThread "jar transforms Thread 78" [_thread_blocked, id=1788, stack(0x000000006a910000,0x000000006aa10000)]
  0x000000005eb90800 JavaThread "jar transforms Thread 77" [_thread_blocked, id=2792, stack(0x0000000069f10000,0x000000006a010000)]
  0x000000005eb90000 JavaThread "jar transforms Thread 76" [_thread_blocked, id=5204, stack(0x000000006a810000,0x000000006a910000)]
  0x000000005eb8f000 JavaThread "jar transforms Thread 75" [_thread_blocked, id=8268, stack(0x000000006a650000,0x000000006a750000)]
  0x000000005eb8e800 JavaThread "jar transforms Thread 74" [_thread_blocked, id=8528, stack(0x000000006a490000,0x000000006a590000)]
  0x000000005f726800 JavaThread "jar transforms Thread 73" [_thread_blocked, id=8524, stack(0x000000006a360000,0x000000006a460000)]
  0x000000005f725800 JavaThread "jar transforms Thread 72" [_thread_blocked, id=9104, stack(0x000000006a230000,0x000000006a330000)]
  0x000000005f725000 JavaThread "jar transforms Thread 71" [_thread_blocked, id=5792, stack(0x000000006a030000,0x000000006a130000)]
  0x000000005f724000 JavaThread "jar transforms Thread 70" [_thread_blocked, id=5724, stack(0x0000000069d50000,0x0000000069e50000)]
  0x000000005f723800 JavaThread "jar transforms Thread 69" [_thread_blocked, id=7252, stack(0x0000000069b70000,0x0000000069c70000)]
  0x000000005f722800 JavaThread "jar transforms Thread 68" [_thread_blocked, id=9136, stack(0x0000000069a50000,0x0000000069b50000)]
  0x000000005f722000 JavaThread "jar transforms Thread 67" [_thread_blocked, id=9124, stack(0x00000000698f0000,0x00000000699f0000)]
  0x000000005f721000 JavaThread "jar transforms Thread 66" [_thread_blocked, id=2680, stack(0x0000000069670000,0x0000000069770000)]
  0x000000005f720800 JavaThread "jar transforms Thread 65" [_thread_blocked, id=7736, stack(0x00000000697a0000,0x00000000698a0000)]
  0x000000005f71f800 JavaThread "jar transforms Thread 64" [_thread_blocked, id=5900, stack(0x0000000065d50000,0x0000000065e50000)]
  0x000000005f703000 JavaThread "jar transforms Thread 63" [_thread_blocked, id=6424, stack(0x0000000069520000,0x0000000069620000)]
  0x000000005f702000 JavaThread "jar transforms Thread 62" [_thread_blocked, id=4128, stack(0x0000000069400000,0x0000000069500000)]
  0x000000005f701800 JavaThread "jar transforms Thread 61" [_thread_blocked, id=6604, stack(0x0000000069120000,0x0000000069220000)]
  0x000000005f700800 JavaThread "jar transforms Thread 60" [_thread_blocked, id=1196, stack(0x0000000069220000,0x0000000069320000)]
  0x000000005f700000 JavaThread "jar transforms Thread 59" [_thread_blocked, id=6132, stack(0x0000000068f50000,0x0000000069050000)]
  0x000000005f6ff000 JavaThread "jar transforms Thread 58" [_thread_blocked, id=9072, stack(0x0000000068e00000,0x0000000068f00000)]
  0x000000005f6fe800 JavaThread "jar transforms Thread 57" [_thread_blocked, id=8992, stack(0x0000000068cb0000,0x0000000068db0000)]
  0x000000005f6fd800 JavaThread "jar transforms Thread 56" [_thread_blocked, id=4496, stack(0x0000000068a20000,0x0000000068b20000)]
  0x000000005f6fd000 JavaThread "jar transforms Thread 55" [_thread_blocked, id=6316, stack(0x0000000068b60000,0x0000000068c60000)]
  0x000000005f6fc000 JavaThread "jar transforms Thread 54" [_thread_blocked, id=9024, stack(0x00000000688e0000,0x00000000689e0000)]
  0x000000005e434000 JavaThread "jar transforms Thread 53" [_thread_blocked, id=9032, stack(0x00000000687e0000,0x00000000688e0000)]
  0x000000005e433000 JavaThread "jar transforms Thread 52" [_thread_blocked, id=5888, stack(0x0000000066090000,0x0000000066190000)]
  0x000000005e432800 JavaThread "jar transforms Thread 51" [_thread_blocked, id=6884, stack(0x00000000683f0000,0x00000000684f0000)]
  0x000000005e431800 JavaThread "jar transforms Thread 50" [_thread_blocked, id=4628, stack(0x0000000068660000,0x0000000068760000)]
  0x000000005e431000 JavaThread "jar transforms Thread 49" [_thread_blocked, id=7748, stack(0x0000000068520000,0x0000000068620000)]
  0x000000005e430000 JavaThread "jar transforms Thread 48" [_thread_blocked, id=3192, stack(0x0000000067950000,0x0000000067a50000)]
  0x000000005e42f800 JavaThread "jar transforms Thread 47" [_thread_blocked, id=7764, stack(0x0000000068290000,0x0000000068390000)]
  0x000000005e42e800 JavaThread "jar transforms Thread 46" [_thread_blocked, id=4644, stack(0x0000000068160000,0x0000000068260000)]
  0x000000005e42e000 JavaThread "jar transforms Thread 45" [_thread_blocked, id=9212, stack(0x0000000068010000,0x0000000068110000)]
  0x000000005e42d000 JavaThread "jar transforms Thread 44" [_thread_blocked, id=8344, stack(0x0000000067ef0000,0x0000000067ff0000)]
  0x000000005ebf7800 JavaThread "jar transforms Thread 43" [_thread_blocked, id=9128, stack(0x0000000067df0000,0x0000000067ef0000)]
  0x000000005ebf6800 JavaThread "jar transforms Thread 42" [_thread_blocked, id=9184, stack(0x0000000067c00000,0x0000000067d00000)]
  0x000000005ebf6000 JavaThread "jar transforms Thread 41" [_thread_blocked, id=6624, stack(0x0000000067ab0000,0x0000000067bb0000)]
  0x000000005ebf5000 JavaThread "jar transforms Thread 40" [_thread_blocked, id=9152, stack(0x0000000067800000,0x0000000067900000)]
  0x000000005ebf4800 JavaThread "jar transforms Thread 39" [_thread_blocked, id=9172, stack(0x00000000674f0000,0x00000000675f0000)]
  0x000000005ebf3800 JavaThread "jar transforms Thread 38" [_thread_blocked, id=9080, stack(0x00000000672b0000,0x00000000673b0000)]
  0x000000005ebf3000 JavaThread "jar transforms Thread 37" [_thread_blocked, id=7504, stack(0x0000000067620000,0x0000000067720000)]
  0x000000005ebf2000 JavaThread "jar transforms Thread 36" [_thread_blocked, id=2788, stack(0x00000000673e0000,0x00000000674e0000)]
  0x000000005ebf1800 JavaThread "jar transforms Thread 35" [_thread_blocked, id=4116, stack(0x00000000671a0000,0x00000000672a0000)]
  0x000000005ebf0800 JavaThread "jar transforms Thread 34" [_thread_blocked, id=8912, stack(0x0000000067060000,0x0000000067160000)]
  0x000000005a35d800 JavaThread "jar transforms Thread 33" [_thread_blocked, id=8908, stack(0x0000000066c20000,0x0000000066d20000)]
  0x000000005a35d000 JavaThread "jar transforms Thread 32" [_thread_blocked, id=7984, stack(0x00000000662c0000,0x00000000663c0000)]
  0x000000005a35c000 JavaThread "jar transforms Thread 31" [_thread_blocked, id=9004, stack(0x0000000066ea0000,0x0000000066fa0000)]
  0x000000005a35b800 JavaThread "jar transforms Thread 30" [_thread_blocked, id=8296, stack(0x00000000666e0000,0x00000000667e0000)]
  0x000000005a35a800 JavaThread "jar transforms Thread 29" [_thread_blocked, id=2868, stack(0x00000000664c0000,0x00000000665c0000)]
  0x000000005a35a000 JavaThread "jar transforms Thread 28" [_thread_blocked, id=4356, stack(0x0000000066d30000,0x0000000066e30000)]
  0x000000005a359000 JavaThread "jar transforms Thread 27" [_thread_blocked, id=9132, stack(0x0000000066b20000,0x0000000066c20000)]
  0x000000005a358800 JavaThread "jar transforms Thread 26" [_thread_blocked, id=8932, stack(0x00000000669f0000,0x0000000066af0000)]
  0x000000005a357800 JavaThread "jar transforms Thread 25" [_thread_blocked, id=5864, stack(0x0000000066800000,0x0000000066900000)]
  0x000000005a357000 JavaThread "jar transforms Thread 24" [_thread_blocked, id=8428, stack(0x00000000665d0000,0x00000000666d0000)]
  0x0000000059c98800 JavaThread "jar transforms Thread 23" [_thread_blocked, id=2336, stack(0x0000000065740000,0x0000000065840000)]
  0x0000000059c97800 JavaThread "jar transforms Thread 22" [_thread_blocked, id=5784, stack(0x00000000663c0000,0x00000000664c0000)]
  0x0000000059c97000 JavaThread "jar transforms Thread 21" [_thread_blocked, id=3660, stack(0x0000000066190000,0x0000000066290000)]
  0x0000000059c96000 JavaThread "jar transforms Thread 20" [_thread_blocked, id=8984, stack(0x0000000065f90000,0x0000000066090000)]
  0x0000000059c95800 JavaThread "jar transforms Thread 19" [_thread_blocked, id=8316, stack(0x0000000065e60000,0x0000000065f60000)]
  0x0000000059c94800 JavaThread "jar transforms Thread 18" [_thread_blocked, id=1228, stack(0x0000000065b00000,0x0000000065c00000)]
  0x0000000059c94000 JavaThread "jar transforms Thread 17" [_thread_blocked, id=8904, stack(0x0000000065c50000,0x0000000065d50000)]
  0x0000000059c93000 JavaThread "jar transforms Thread 16" [_thread_blocked, id=6260, stack(0x00000000659b0000,0x0000000065ab0000)]
  0x0000000059c92800 JavaThread "jar transforms Thread 15" [_thread_blocked, id=6280, stack(0x0000000065870000,0x0000000065970000)]
  0x0000000059c91800 JavaThread "jar transforms Thread 14" [_thread_blocked, id=6600, stack(0x0000000064790000,0x0000000064890000)]
  0x0000000059b38800 JavaThread "jar transforms Thread 13" [_thread_blocked, id=4760, stack(0x0000000065630000,0x0000000065730000)]
  0x0000000059b37800 JavaThread "jar transforms Thread 12" [_thread_blocked, id=1092, stack(0x0000000065080000,0x0000000065180000)]
  0x0000000059b37000 JavaThread "jar transforms Thread 11" [_thread_blocked, id=5712, stack(0x0000000065450000,0x0000000065550000)]
  0x0000000059b36000 JavaThread "jar transforms Thread 10" [_thread_blocked, id=5584, stack(0x00000000652a0000,0x00000000653a0000)]
  0x0000000059b35800 JavaThread "jar transforms Thread 9" [_thread_blocked, id=8836, stack(0x0000000065180000,0x0000000065280000)]
  0x0000000059b34800 JavaThread "jar transforms Thread 8" [_thread_blocked, id=6720, stack(0x0000000064df0000,0x0000000064ef0000)]
  0x0000000059b34000 JavaThread "jar transforms Thread 7" [_thread_blocked, id=8748, stack(0x0000000064ef0000,0x0000000064ff0000)]
  0x0000000059b33000 JavaThread "jar transforms Thread 6" [_thread_blocked, id=8440, stack(0x0000000061610000,0x0000000061710000)]
  0x0000000059b32800 JavaThread "jar transforms Thread 5" [_thread_blocked, id=6564, stack(0x000000005cbe0000,0x000000005cce0000)]
  0x0000000059b31800 JavaThread "jar transforms Thread 4" [_thread_blocked, id=5768, stack(0x0000000064cb0000,0x0000000064db0000)]
  0x000000005b112000 JavaThread "jar transforms Thread 3" [_thread_blocked, id=5928, stack(0x0000000064b30000,0x0000000064c30000)]
  0x000000005b111800 JavaThread "jar transforms Thread 2" [_thread_blocked, id=8952, stack(0x0000000064890000,0x0000000064990000)]
  0x000000005b110800 JavaThread "Build operations Thread 4" [_thread_blocked, id=8188, stack(0x0000000064450000,0x0000000064550000)]
  0x000000005b110000 JavaThread "Build operations Thread 3" [_thread_blocked, id=7372, stack(0x000000005dc70000,0x000000005dd70000)]
  0x000000005b10f000 JavaThread "Build operations Thread 2" [_thread_blocked, id=8372, stack(0x00000000608d0000,0x00000000609d0000)]
  0x000000005b10e800 JavaThread "Build operations" [_thread_blocked, id=6404, stack(0x0000000064350000,0x0000000064450000)]
  0x000000005b109000 JavaThread "Cache worker for file content cache (C:\Users\Administrator\.gradle\caches\6.5\fileContent)" [_thread_blocked, id=8368, stack(0x0000000061310000,0x0000000061410000)]
  0x000000005b108000 JavaThread "jar transforms" [_thread_blocked, id=8456, stack(0x0000000061150000,0x0000000061250000)]
  0x000000005b107800 JavaThread "Cache worker for execution history cache (C:\Users\Administrator\.gradle\caches\6.5\executionHistory)" [_thread_blocked, id=8352, stack(0x00000000609e0000,0x0000000060ae0000)]
  0x000000005b106800 JavaThread "Cache worker for cache directory md-rule (C:\Users\Administrator\.gradle\caches\6.5\md-rule)" [_thread_blocked, id=6340, stack(0x00000000607c0000,0x00000000608c0000)]
  0x000000005b106000 JavaThread "Cache worker for cache directory md-supplier (C:\Users\Administrator\.gradle\caches\6.5\md-supplier)" [_thread_blocked, id=8260, stack(0x0000000060640000,0x0000000060740000)]
  0x000000005b105000 JavaThread "Cache worker for checksums cache (C:\Users\Administrator\AndroidProject\Receving_Order\.gradle\checksums)" [_thread_blocked, id=7740, stack(0x0000000060460000,0x0000000060560000)]
  0x000000005b104800 JavaThread "Cache worker for file hash cache (C:\Users\Administrator\AndroidProject\Receving_Order\.gradle\6.5\fileHashes)" [_thread_blocked, id=1740, stack(0x000000005d3f0000,0x000000005d4f0000)]
  0x000000005b103800 JavaThread "Cache worker for file hash cache (C:\Users\Administrator\.gradle\caches\6.5\fileHashes)" [_thread_blocked, id=8512, stack(0x000000005dd70000,0x000000005de70000)]
  0x000000005b103000 JavaThread "File lock request listener" [_thread_in_native, id=8308, stack(0x000000005c430000,0x000000005c530000)]
  0x0000000059a98000 JavaThread "Cache worker for journal cache (C:\Users\Administrator\.gradle\caches\journal-1)" [_thread_blocked, id=8364, stack(0x000000005db10000,0x000000005dc10000)]
  0x000000005b265800 JavaThread "Thread-9" [_thread_blocked, id=3244, stack(0x000000005d7f0000,0x000000005d8f0000)]
  0x000000005b25b800 JavaThread "Stdin handler" [_thread_blocked, id=9204, stack(0x000000005d670000,0x000000005d770000)]
  0x000000005b25b000 JavaThread "Asynchronous log dispatcher for DefaultDaemonConnection: socket connection from /127.0.0.1:52694 to /127.0.0.1:52695" [_thread_blocked, id=5612, stack(0x000000005d510000,0x000000005d610000)]
  0x000000005b254800 JavaThread "Daemon worker" [_thread_in_vm, id=7476, stack(0x000000005d1a0000,0x000000005d2a0000)]
  0x000000005b24e000 JavaThread "Cancel handler" [_thread_blocked, id=8408, stack(0x000000005d2e0000,0x000000005d3e0000)]
  0x000000005b167000 JavaThread "Handler for socket connection from /127.0.0.1:52694 to /127.0.0.1:52695" [_thread_in_native, id=3144, stack(0x000000005c780000,0x000000005c880000)]
  0x000000005b15a000 JavaThread "Daemon" [_thread_blocked, id=5904, stack(0x000000005d060000,0x000000005d160000)]
  0x000000005b1f0800 JavaThread "Daemon periodic checks" [_thread_blocked, id=8928, stack(0x000000005cce0000,0x000000005cde0000)]
  0x000000005b134000 JavaThread "Incoming local TCP Connector on port 52694" [_thread_in_native, id=7036, stack(0x000000005cae0000,0x000000005cbe0000)]
  0x00000000597d6800 JavaThread "Daemon health stats" [_thread_blocked, id=8812, stack(0x000000005c320000,0x000000005c420000)]
  0x0000000058a32000 JavaThread "Service Thread" daemon [_thread_blocked, id=8804, stack(0x0000000059690000,0x0000000059790000)]
  0x00000000589b8000 JavaThread "C1 CompilerThread2" daemon [_thread_blocked, id=8800, stack(0x00000000594d0000,0x00000000595d0000)]
=>0x00000000589b7000 JavaThread "C2 CompilerThread1" daemon [_thread_in_native, id=8796, stack(0x00000000592e0000,0x00000000593e0000)]
  0x000000005899d000 JavaThread "C2 CompilerThread0" daemon [_thread_in_native, id=8792, stack(0x00000000590f0000,0x00000000591f0000)]
  0x0000000058989000 JavaThread "Attach Listener" daemon [_thread_blocked, id=8788, stack(0x0000000058700000,0x0000000058800000)]
  0x0000000058988800 JavaThread "Signal Dispatcher" daemon [_thread_blocked, id=8784, stack(0x0000000058eb0000,0x0000000058fb0000)]
  0x000000005748a800 JavaThread "Finalizer" daemon [_thread_blocked, id=8780, stack(0x0000000058880000,0x0000000058980000)]
  0x0000000057483800 JavaThread "Reference Handler" daemon [_thread_blocked, id=8732, stack(0x00000000584c0000,0x00000000585c0000)]
  0x000000000246e800 JavaThread "main" [_thread_blocked, id=8756, stack(0x00000000026e0000,0x00000000027e0000)]

Other Threads:
  0x000000005743a000 VMThread [stack: 0x0000000058600000,0x0000000058700000] [id=8776]
  0x00000000589df000 WatcherThread [stack: 0x0000000058fc0000,0x00000000590c0000] [id=8808]

VM state:not at safepoint (normal execution)

VM Mutex/Monitor currently owned by a thread: None

heap address: 0x0000000080000000, size: 2048 MB, Compressed Oops mode: 32-bit
Narrow klass base: 0x0000000000000000, Narrow klass shift: 0
Compressed class space size: 1073741824 Address: 0x0000000016ab0000

Heap:
 PSYoungGen      total 235520K, used 24930K [0x00000000d5580000, 0x00000000e5c80000, 0x0000000100000000)
  eden space 223744K, 5% used [0x00000000d5580000,0x00000000d625c700,0x00000000e3000000)
  from space 11776K, 99% used [0x00000000e5100000,0x00000000e5c7c240,0x00000000e5c80000)
  to   space 14848K, 0% used [0x00000000e3f80000,0x00000000e3f80000,0x00000000e4e00000)
 ParOldGen       total 68608K, used 19188K [0x0000000080000000, 0x0000000084300000, 0x00000000d5580000)
  object space 68608K, 27% used [0x0000000080000000,0x00000000812bd120,0x0000000084300000)
 Metaspace       used 45640K, capacity 47434K, committed 47488K, reserved 1089536K
  class space    used 6156K, capacity 6511K, committed 6528K, reserved 1048576K

Card table byte_map: [0x0000000011ba0000,0x0000000011fb0000] byte_map_base: 0x00000000117a0000

Marking Bits: (ParMarkBitMap*) 0x0000000061eef030
 Begin Bits: [0x00000000126b0000, 0x00000000146b0000)
 End Bits:   [0x00000000146b0000, 0x00000000166b0000)

Polling page: 0x0000000000250000

CodeCache: size=245760Kb used=14230Kb max_used=14230Kb free=231529Kb
 bounds [0x00000000027e0000, 0x00000000035d0000, 0x00000000117e0000]
 total_blobs=4968 nmethods=4226 adapters=655
 compilation: enabled

Compilation events (10 events):
Event: 4.513 Thread 0x000000005899d000 nmethod 4218 0x00000000035c9bd0 code [0x00000000035c9d20, 0x00000000035c9f78]
Event: 4.513 Thread 0x000000005899d000 4200       4       java.util.HashMap::<init> (98 bytes)
Event: 4.513 Thread 0x00000000589b8000 4222       3       java.util.jar.JarFile::maybeInstantiateVerifier (96 bytes)
Event: 4.513 Thread 0x00000000589b8000 nmethod 4222 0x00000000035c4150 code [0x00000000035c4380, 0x00000000035c5008]
Event: 4.513 Thread 0x000000005899d000 nmethod 4200 0x00000000035c8290 code [0x00000000035c83e0, 0x00000000035c8578]
Event: 4.513 Thread 0x000000005899d000 4223       4       java.net.URLStreamHandler::sameFile (136 bytes)
Event: 4.515 Thread 0x00000000589b8000 4224       3       java.net.URLClassLoader$1::run (5 bytes)
Event: 4.515 Thread 0x00000000589b8000 nmethod 4224 0x00000000035c3d50 code [0x00000000035c3ec0, 0x00000000035c4048]
Event: 4.516 Thread 0x00000000589b8000 4225       3       java.util.LinkedHashMap::get (33 bytes)
Event: 4.516 Thread 0x00000000589b8000 nmethod 4225 0x00000000035c93d0 code [0x00000000035c9560, 0x00000000035c9a48]

GC Heap History (10 events):
Event: 1.883 GC heap before
{Heap before GC invocations=6 (full 1):
 PSYoungGen      total 128000K, used 5100K [0x00000000d5580000, 0x00000000e5c80000, 0x0000000100000000)
  eden space 122880K, 0% used [0x00000000d5580000,0x00000000d5580000,0x00000000dcd80000)
  from space 5120K, 99% used [0x00000000dcd80000,0x00000000dd27b070,0x00000000dd280000)
  to   space 11776K, 0% used [0x00000000e5100000,0x00000000e5100000,0x00000000e5c80000)
 ParOldGen       total 81920K, used 11041K [0x0000000080000000, 0x0000000085000000, 0x00000000d5580000)
  object space 81920K, 13% used [0x0000000080000000,0x0000000080ac8568,0x0000000085000000)
 Metaspace       used 20455K, capacity 21204K, committed 21248K, reserved 1067008K
  class space    used 2844K, capacity 3048K, committed 3072K, reserved 1048576K
Event: 1.912 GC heap after
Heap after GC invocations=6 (full 1):
 PSYoungGen      total 128000K, used 0K [0x00000000d5580000, 0x00000000e5c80000, 0x0000000100000000)
  eden space 122880K, 0% used [0x00000000d5580000,0x00000000d5580000,0x00000000dcd80000)
  from space 5120K, 0% used [0x00000000dcd80000,0x00000000dcd80000,0x00000000dd280000)
  to   space 11776K, 0% used [0x00000000e5100000,0x00000000e5100000,0x00000000e5c80000)
 ParOldGen       total 49664K, used 8051K [0x0000000080000000, 0x0000000083080000, 0x00000000d5580000)
  object space 49664K, 16% used [0x0000000080000000,0x00000000807dcf80,0x0000000083080000)
 Metaspace       used 20455K, capacity 21204K, committed 21248K, reserved 1067008K
  class space    used 2844K, capacity 3048K, committed 3072K, reserved 1048576K
}
Event: 2.827 GC heap before
{Heap before GC invocations=7 (full 1):
 PSYoungGen      total 128000K, used 122880K [0x00000000d5580000, 0x00000000e5c80000, 0x0000000100000000)
  eden space 122880K, 100% used [0x00000000d5580000,0x00000000dcd80000,0x00000000dcd80000)
  from space 5120K, 0% used [0x00000000dcd80000,0x00000000dcd80000,0x00000000dd280000)
  to   space 11776K, 0% used [0x00000000e5100000,0x00000000e5100000,0x00000000e5c80000)
 ParOldGen       total 49664K, used 8051K [0x0000000080000000, 0x0000000083080000, 0x00000000d5580000)
  object space 49664K, 16% used [0x0000000080000000,0x00000000807dcf80,0x0000000083080000)
 Metaspace       used 32652K, capacity 33718K, committed 33920K, reserved 1079296K
  class space    used 4439K, capacity 4722K, committed 4736K, reserved 1048576K
Event: 2.838 GC heap after
Heap after GC invocations=7 (full 1):
 PSYoungGen      total 235520K, used 11756K [0x00000000d5580000, 0x00000000e5c80000, 0x0000000100000000)
  eden space 223744K, 0% used [0x00000000d5580000,0x00000000d5580000,0x00000000e3000000)
  from space 11776K, 99% used [0x00000000e5100000,0x00000000e5c7b3e0,0x00000000e5c80000)
  to   space 14848K, 0% used [0x00000000e3f80000,0x00000000e3f80000,0x00000000e4e00000)
 ParOldGen       total 49664K, used 9840K [0x0000000080000000, 0x0000000083080000, 0x00000000d5580000)
  object space 49664K, 19% used [0x0000000080000000,0x000000008099c2d0,0x0000000083080000)
 Metaspace       used 32652K, capacity 33718K, committed 33920K, reserved 1079296K
  class space    used 4439K, capacity 4722K, committed 4736K, reserved 1048576K
}
Event: 3.044 GC heap before
{Heap before GC invocations=8 (full 1):
 PSYoungGen      total 235520K, used 58260K [0x00000000d5580000, 0x00000000e5c80000, 0x0000000100000000)
  eden space 223744K, 20% used [0x00000000d5580000,0x00000000d82e9f90,0x00000000e3000000)
  from space 11776K, 99% used [0x00000000e5100000,0x00000000e5c7b3e0,0x00000000e5c80000)
  to   space 14848K, 0% used [0x00000000e3f80000,0x00000000e3f80000,0x00000000e4e00000)
 ParOldGen       total 49664K, used 9840K [0x0000000080000000, 0x0000000083080000, 0x00000000d5580000)
  object space 49664K, 19% used [0x0000000080000000,0x000000008099c2d0,0x0000000083080000)
 Metaspace       used 34240K, capacity 35394K, committed 35416K, reserved 1079296K
  class space    used 4700K, capacity 4974K, committed 4992K, reserved 1048576K
Event: 3.073 GC heap after
Heap after GC invocations=8 (full 1):
 PSYoungGen      total 238592K, used 8821K [0x00000000d5580000, 0x00000000e5c80000, 0x0000000100000000)
  eden space 223744K, 0% used [0x00000000d5580000,0x00000000d5580000,0x00000000e3000000)
  from space 14848K, 59% used [0x00000000e3f80000,0x00000000e481d670,0x00000000e4e00000)
  to   space 11776K, 0% used [0x00000000e5100000,0x00000000e5100000,0x00000000e5c80000)
 ParOldGen       total 49664K, used 9848K [0x0000000080000000, 0x0000000083080000, 0x00000000d5580000)
  object space 49664K, 19% used [0x0000000080000000,0x000000008099e2d0,0x0000000083080000)
 Metaspace       used 34240K, capacity 35394K, committed 35416K, reserved 1079296K
  class space    used 4700K, capacity 4974K, committed 4992K, reserved 1048576K
}
Event: 3.073 GC heap before
{Heap before GC invocations=9 (full 2):
 PSYoungGen      total 238592K, used 8821K [0x00000000d5580000, 0x00000000e5c80000, 0x0000000100000000)
  eden space 223744K, 0% used [0x00000000d5580000,0x00000000d5580000,0x00000000e3000000)
  from space 14848K, 59% used [0x00000000e3f80000,0x00000000e481d670,0x00000000e4e00000)
  to   space 11776K, 0% used [0x00000000e5100000,0x00000000e5100000,0x00000000e5c80000)
 ParOldGen       total 49664K, used 9848K [0x0000000080000000, 0x0000000083080000, 0x00000000d5580000)
  object space 49664K, 19% used [0x0000000080000000,0x000000008099e2d0,0x0000000083080000)
 Metaspace       used 34240K, capacity 35394K, committed 35416K, reserved 1079296K
  class space    used 4700K, capacity 4974K, committed 4992K, reserved 1048576K
Event: 3.152 GC heap after
Heap after GC invocations=9 (full 2):
 PSYoungGen      total 238592K, used 0K [0x00000000d5580000, 0x00000000e5c80000, 0x0000000100000000)
  eden space 223744K, 0% used [0x00000000d5580000,0x00000000d5580000,0x00000000e3000000)
  from space 14848K, 0% used [0x00000000e3f80000,0x00000000e3f80000,0x00000000e4e00000)
  to   space 11776K, 0% used [0x00000000e5100000,0x00000000e5100000,0x00000000e5c80000)
 ParOldGen       total 68608K, used 15454K [0x0000000080000000, 0x0000000084300000, 0x00000000d5580000)
  object space 68608K, 22% used [0x0000000080000000,0x0000000080f17848,0x0000000084300000)
 Metaspace       used 34240K, capacity 35394K, committed 35416K, reserved 1079296K
  class space    used 4700K, capacity 4974K, committed 4992K, reserved 1048576K
}
Event: 4.455 GC heap before
{Heap before GC invocations=10 (full 2):
 PSYoungGen      total 238592K, used 223744K [0x00000000d5580000, 0x00000000e5c80000, 0x0000000100000000)
  eden space 223744K, 100% used [0x00000000d5580000,0x00000000e3000000,0x00000000e3000000)
  from space 14848K, 0% used [0x00000000e3f80000,0x00000000e3f80000,0x00000000e4e00000)
  to   space 11776K, 0% used [0x00000000e5100000,0x00000000e5100000,0x00000000e5c80000)
 ParOldGen       total 68608K, used 15454K [0x0000000080000000, 0x0000000084300000, 0x00000000d5580000)
  object space 68608K, 22% used [0x0000000080000000,0x0000000080f17848,0x0000000084300000)
 Metaspace       used 45538K, capacity 47338K, committed 47488K, reserved 1089536K
  class space    used 6140K, capacity 6479K, committed 6528K, reserved 1048576K
Event: 4.468 GC heap after
Heap after GC invocations=10 (full 2):
 PSYoungGen      total 235520K, used 11760K [0x00000000d5580000, 0x00000000e5c80000, 0x0000000100000000)
  eden space 223744K, 0% used [0x00000000d5580000,0x00000000d5580000,0x00000000e3000000)
  from space 11776K, 99% used [0x00000000e5100000,0x00000000e5c7c240,0x00000000e5c80000)
  to   space 14848K, 0% used [0x00000000e3f80000,0x00000000e3f80000,0x00000000e4e00000)
 ParOldGen       total 68608K, used 19188K [0x0000000080000000, 0x0000000084300000, 0x00000000d5580000)
  object space 68608K, 27% used [0x0000000080000000,0x00000000812bd120,0x0000000084300000)
 Metaspace       used 45538K, capacity 47338K, committed 47488K, reserved 1089536K
  class space    used 6140K, capacity 6479K, committed 6528K, reserved 1048576K
}

Deoptimization events (10 events):
Event: 4.400 Thread 0x000000005b254800 Uncommon trap: reason=unstable_if action=reinterpret pc=0x0000000002aa9a38 method=java.util.jar.Manifest$FastInputStream.readLine([BII)I @ 87
Event: 4.405 Thread 0x000000005b254800 Uncommon trap: reason=unstable_if action=reinterpret pc=0x0000000003382850 method=java.lang.ThreadLocal.get()Ljava/lang/Object; @ 11
Event: 4.428 Thread 0x000000005b254800 Uncommon trap: reason=unstable_if action=reinterpret pc=0x0000000002c9b26c method=java.lang.CharacterDataLatin1.isWhitespace(I)Z @ 14
Event: 4.450 Thread 0x000000005b254800 Uncommon trap: reason=unstable_if action=reinterpret pc=0x0000000003340e18 method=java.util.jar.JarFile.maybeInstantiateVerifier()V @ 4
Event: 4.451 Thread 0x000000005b254800 Uncommon trap: reason=predicate action=maybe_recompile pc=0x000000000326a564 method=sun.misc.Resource.getBytes()[B @ 53
Event: 4.451 Thread 0x000000005b254800 Uncommon trap: reason=unstable_if action=reinterpret pc=0x0000000002cf25e0 method=java.util.jar.JarFile.maybeInstantiateVerifier()V @ 4
Event: 4.451 Thread 0x000000005b254800 Uncommon trap: reason=unstable_if action=reinterpret pc=0x0000000002e25f5c method=java.security.CodeSource.getCertificates()[Ljava/security/cert/Certificate; @ 22
Event: 4.452 Thread 0x000000005b254800 Uncommon trap: reason=unstable_if action=reinterpret pc=0x00000000032550f8 method=java.security.CodeSource.matchCerts(Ljava/security/CodeSource;Z)Z @ 11
Event: 4.479 Thread 0x000000005b254800 Uncommon trap: reason=unstable_if action=reinterpret pc=0x00000000031d8164 method=java.util.LinkedHashMap.get(Ljava/lang/Object;)Ljava/lang/Object; @ 20
Event: 4.515 Thread 0x000000005b254800 Uncommon trap: reason=unstable_if action=reinterpret pc=0x0000000003564d0c method=java.util.ArrayDeque.addLast(Ljava/lang/Object;)V @ 45

Classes redefined (0 events):
No events

Internal exceptions (10 events):
Event: 3.756 Thread 0x000000005b265800 Exception <a 'java/lang/NoSuchMethodError': <clinit>> (0x00000000dbd5dbd0) thrown at [C:\src\AOSP-openjdk-git\hotspot\src\share\vm\prims\jni.cpp, line 1615]
Event: 3.756 Thread 0x000000005b265800 Exception <a 'java/lang/NoSuchMethodError': <clinit>> (0x00000000dbd68c40) thrown at [C:\src\AOSP-openjdk-git\hotspot\src\share\vm\prims\jni.cpp, line 1615]
Event: 3.757 Thread 0x000000005b265800 Exception <a 'java/lang/NoSuchMethodError': <clinit>> (0x00000000dbd7c010) thrown at [C:\src\AOSP-openjdk-git\hotspot\src\share\vm\prims\jni.cpp, line 1615]
Event: 3.766 Thread 0x000000005b254800 Exception <a 'java/lang/ClassNotFoundException': build_b23zt32ocr7e72m72xol6iucjBeanInfo> (0x00000000de69d380) thrown at [C:\src\AOSP-openjdk-git\hotspot\src\share\vm\classfile\systemDictionary.cpp, line 210]
Event: 3.766 Thread 0x000000005b254800 Exception <a 'java/lang/ClassNotFoundException': build_b23zt32ocr7e72m72xol6iucjCustomizer> (0x00000000de6a8fc0) thrown at [C:\src\AOSP-openjdk-git\hotspot\src\share\vm\classfile\systemDictionary.cpp, line 210]
Event: 3.771 Thread 0x000000005b254800 Exception <a 'java/lang/ClassNotFoundException': org/gradle/plugin/use/internal/PluginRequestCollector$PluginDependenciesSpecImplBeanInfo> (0x00000000de748f60) thrown at [C:\src\AOSP-openjdk-git\hotspot\src\share\vm\classfile\systemDictionary.cpp, line 21
Event: 3.771 Thread 0x000000005b254800 Exception <a 'java/lang/ClassNotFoundException': org/gradle/plugin/use/internal/PluginRequestCollector$PluginDependenciesSpecImplCustomizer> (0x00000000de83ecd0) thrown at [C:\src\AOSP-openjdk-git\hotspot\src\share\vm\classfile\systemDictionary.cpp, line 
Event: 3.797 Thread 0x000000005b254800 Exception <a 'java/lang/ClassNotFoundException': org/gradle/api/internal/plugins/DefaultObjectConfigurationActionBeanInfo> (0x00000000dec6bc30) thrown at [C:\src\AOSP-openjdk-git\hotspot\src\share\vm\classfile\systemDictionary.cpp, line 210]
Event: 3.798 Thread 0x000000005b254800 Exception <a 'java/lang/ClassNotFoundException': org/gradle/api/internal/plugins/DefaultObjectConfigurationActionCustomizer> (0x00000000decb2ae0) thrown at [C:\src\AOSP-openjdk-git\hotspot\src\share\vm\classfile\systemDictionary.cpp, line 210]
Event: 4.405 Thread 0x000000005b254800 Implicit null exception at 0x0000000003382318 to 0x0000000003382839

Events (10 events):
Event: 4.514 loading class com/android/builder/core/AbstractProductFlavor$Companion done
Event: 4.515 loading class com/android/builder/model/ClassField
Event: 4.515 loading class com/android/builder/model/ClassField done
Event: 4.515 loading class com/android/builder/internal/BaseConfigImpl$Companion
Event: 4.515 loading class com/android/builder/internal/BaseConfigImpl$Companion done
Event: 4.515 Thread 0x000000005b254800 Uncommon trap: trap_request=0xffffff65 fr.pc=0x0000000003564d0c
Event: 4.515 Thread 0x000000005b254800 DEOPT PACKING pc=0x0000000003564d0c sp=0x000000005d2996a0
Event: 4.515 Thread 0x000000005b254800 DEOPT UNPACKING pc=0x000000000282557b sp=0x000000005d2995d0 mode 2
Event: 4.516 loading class org/gradle/api/Incubating
Event: 4.516 loading class org/gradle/api/Incubating done


Dynamic libraries:
0x000000013fdb0000 - 0x000000013fde1000 	C:\Program Files\Android\Android Studio\jre\bin\java.exe
0x00000000772b0000 - 0x000000007745a000 	C:\Windows\SYSTEM32\ntdll.dll
0x0000000076e20000 - 0x0000000076f3f000 	C:\Windows\system32\kernel32.dll
0x000007fefd7c0000 - 0x000007fefd82a000 	C:\Windows\system32\KERNELBASE.dll
0x000007feff4e0000 - 0x000007feff5bb000 	C:\Windows\system32\ADVAPI32.DLL
0x000007fefddc0000 - 0x000007fefde5f000 	C:\Windows\system32\msvcrt.dll
0x000007feff450000 - 0x000007feff46f000 	C:\Windows\SYSTEM32\sechost.dll
0x000007fefde60000 - 0x000007fefdf8d000 	C:\Windows\system32\RPCRT4.dll
0x0000000076d20000 - 0x0000000076e1a000 	C:\Windows\system32\USER32.dll
0x000007feff470000 - 0x000007feff4d7000 	C:\Windows\system32\GDI32.dll
0x000007fefddb0000 - 0x000007fefddbe000 	C:\Windows\system32\LPK.dll
0x000007fefe2b0000 - 0x000007fefe37a000 	C:\Windows\system32\USP10.dll
0x000007fefbc60000 - 0x000007fefbe54000 	C:\Windows\WinSxS\amd64_microsoft.windows.common-controls_6595b64144ccf1df_6.0.7601.18837_none_fa3b1e3d17594757\COMCTL32.dll
0x000007fefdf90000 - 0x000007fefe001000 	C:\Windows\system32\SHLWAPI.dll
0x000007fefe280000 - 0x000007fefe2ae000 	C:\Windows\system32\IMM32.DLL
0x000007fefe380000 - 0x000007fefe489000 	C:\Windows\system32\MSCTF.dll
0x00000000738f0000 - 0x00000000739c2000 	C:\Program Files\Android\Android Studio\jre\jre\bin\msvcr100.dll
0x0000000061720000 - 0x0000000061f6b000 	C:\Program Files\Android\Android Studio\jre\jre\bin\server\jvm.dll
0x000007feef930000 - 0x000007feef939000 	C:\Windows\system32\WSOCK32.dll
0x000007fefdae0000 - 0x000007fefdb2d000 	C:\Windows\system32\WS2_32.dll
0x000007fefe190000 - 0x000007fefe198000 	C:\Windows\system32\NSI.dll
0x000007fef96c0000 - 0x000007fef96fb000 	C:\Windows\system32\WINMM.dll
0x000007fefc870000 - 0x000007fefc87c000 	C:\Windows\system32\VERSION.dll
0x0000000077480000 - 0x0000000077487000 	C:\Windows\system32\PSAPI.DLL
0x000007feef920000 - 0x000007feef92f000 	C:\Program Files\Android\Android Studio\jre\jre\bin\verify.dll
0x000007feef8f0000 - 0x000007feef919000 	C:\Program Files\Android\Android Studio\jre\jre\bin\java.dll
0x000007feef8d0000 - 0x000007feef8e6000 	C:\Program Files\Android\Android Studio\jre\jre\bin\zip.dll
0x000007fefe490000 - 0x000007feff21c000 	C:\Windows\system32\SHELL32.dll
0x000007feff220000 - 0x000007feff423000 	C:\Windows\system32\ole32.dll
0x000007fefd710000 - 0x000007fefd71f000 	C:\Windows\system32\profapi.dll
0x000007feef8b0000 - 0x000007feef8ca000 	C:\Program Files\Android\Android Studio\jre\jre\bin\net.dll
0x000007fefcf40000 - 0x000007fefcf95000 	C:\Windows\system32\mswsock.dll
0x000007fefcf30000 - 0x000007fefcf37000 	C:\Windows\System32\wship6.dll
0x000007feef890000 - 0x000007feef8a3000 	C:\Program Files\Android\Android Studio\jre\jre\bin\nio.dll
0x000007fef66b0000 - 0x000007fef66d7000 	C:\Users\Administrator\.gradle\native\f6784746aeab05261644944871eae4fe03e0ef1612fff0a4a95f87b438bc6780\windows-amd64\native-platform.dll
0x000007fef94a0000 - 0x000007fef94a3000 	C:\Windows\system32\api-ms-win-core-synch-l1-2-0.DLL
0x000007feef880000 - 0x000007feef88d000 	C:\Program Files\Android\Android Studio\jre\jre\bin\management.dll
0x000007fefcfa0000 - 0x000007fefcfb8000 	C:\Windows\system32\CRYPTSP.dll
0x000007fefcca0000 - 0x000007fefcce7000 	C:\Windows\system32\rsaenh.dll
0x000007fefca50000 - 0x000007fefca6e000 	C:\Windows\system32\USERENV.dll
0x000007fefd600000 - 0x000007fefd60f000 	C:\Windows\system32\CRYPTBASE.dll
0x000007fefb450000 - 0x000007fefb477000 	C:\Windows\system32\IPHLPAPI.DLL
0x000007fefb440000 - 0x000007fefb44b000 	C:\Windows\system32\WINNSI.DLL
0x000007fefb190000 - 0x000007fefb1a1000 	C:\Windows\system32\dhcpcsvc6.DLL
0x000007fefb1b0000 - 0x000007fefb1c8000 	C:\Windows\system32\dhcpcsvc.DLL

VM Arguments:
jvm_args: -Xmx2048m -Dfile.encoding=UTF-8 -Duser.country=CN -Duser.language=zh -Duser.variant 
java_command: org.gradle.launcher.daemon.bootstrap.GradleDaemon 6.5
java_class_path (initial): C:\Users\Administrator\.gradle\wrapper\dists\gradle-6.5-bin\6nifqtx7604sqp1q6g8wikw7p\gradle-6.5\lib\gradle-launcher-6.5.jar
Launcher Type: SUN_STANDARD

Environment Variables:
JAVA_HOME=C:\Program Files\Java\jdk-15.0.1
CLASSPATH= .;C:\Program Files\Java\jdk-15.0.1\lib;C:\Program Files\Java\jdk-15.0.1\lib\tools.jar
PATH=C:\Program Files\Common Files\Oracle\Java\javapath;C:\Windows\system32;C:\Windows;C:\Windows\System32\Wbem;C:\Windows\System32\WindowsPowerShell\v1.0\;C:\Program Files\Java\jdk-15.0.1\bin;C:\Program Files\Java\jdk-15.0.1\jre\bin;C:\Program Files\Git\cmd
USERNAME=Administrator
OS=Windows_NT
PROCESSOR_IDENTIFIER=Intel64 Family 6 Model 60 Stepping 3, GenuineIntel



---------------  S Y S T E M  ---------------

OS: Windows 7 , 64 bit Build 7601 (6.1.7601.23418)

CPU:total 4 (initial active 4) (4 cores per cpu, 1 threads per core) family 6 model 60 stepping 3, cmov, cx8, fxsr, mmx, sse, sse2, sse3, ssse3, sse4.1, sse4.2, popcnt, avx, avx2, aes, clmul, erms, lzcnt, tsc, tscinvbit, bmi1, bmi2

Memory: 4k page, physical 7819368k(600788k free), swap 7819368k(6072k free)

vm_info: OpenJDK 64-Bit Server VM (25.242-b01) for windows-amd64 JRE (1.8.0_242-release-1644-b01), built by "builder" with MS VC++ 10.0 (VS2010)

time: Mon Nov 16 14:33:51 2020
timezone: 中国标准时间
elapsed time: 4 seconds (0d 0h 0m 4s)

