#
# There is insufficient memory for the Java Runtime Environment to continue.
# Native memory allocation (malloc) failed to allocate 348672 bytes for Chunk::new
# Possible reasons:
#   The system is out of physical RAM or swap space
#   The process is running with CompressedOops enabled, and the Java Heap may be blocking the growth of the native heap
# Possible solutions:
#   Reduce memory load on the system
#   Increase physical memory or swap space
#   Check if swap backing store is full
#   Decrease Java heap size (-Xmx/-Xms)
#   Decrease number of Java threads
#   Decrease Java thread stack sizes (-Xss)
#   Set larger code cache with -XX:ReservedCodeCacheSize=
#   JVM is running with Unscaled Compressed Oops mode in which the Java heap is
#     placed in the first 4GB address space. The Java Heap base address is the
#     maximum limit for the native heap growth. Please use -XX:HeapBaseMinAddress
#     to set the Java Heap base and to place the Java Heap above 4GB virtual address.
# This output file may be truncated or incomplete.
#
#  Out of Memory Error (allocation.cpp:389), pid=8908, tid=0x0000000000002304
#
# JRE version: OpenJDK Runtime Environment (8.0_242-b01) (build 1.8.0_242-release-1644-b01)
# Java VM: OpenJDK 64-Bit Server VM (25.242-b01 mixed mode windows-amd64 compressed oops)
# Failed to write core dump. Minidumps are not enabled by default on client versions of Windows
#

---------------  T H R E A D  ---------------

Current thread (0x000000005861a800):  JavaThread "C2 CompilerThread0" daemon [_thread_in_native, id=8964, stack(0x0000000002600000,0x0000000002700000)]

Stack: [0x0000000002600000,0x0000000002700000]
[error occurred during error reporting (printing stack bounds), id 0xc0000005]

Native frames: (J=compiled Java code, j=interpreted, Vv=VM code, C=native code)


Current CompileTask:
C2:   4272 3475       4       java.security.SecureClassLoader::defineClass (16 bytes)


---------------  P R O C E S S  ---------------

Java Threads: ( => current thread )
  0x0000000058651800 JavaThread "Service Thread" daemon [_thread_blocked, id=8976, stack(0x0000000059140000,0x0000000059240000)]
  0x000000005861d800 JavaThread "C1 CompilerThread2" daemon [_thread_blocked, id=9028, stack(0x0000000058f50000,0x0000000059050000)]
  0x000000005861c800 JavaThread "C2 CompilerThread1" daemon [_thread_in_native, id=1572, stack(0x0000000058da0000,0x0000000058ea0000)]
=>0x000000005861a800 JavaThread "C2 CompilerThread0" daemon [_thread_in_native, id=8964, stack(0x0000000002600000,0x0000000002700000)]
  0x0000000058602800 JavaThread "Attach Listener" daemon [_thread_blocked, id=8968, stack(0x0000000058b20000,0x0000000058c20000)]
  0x0000000057235000 JavaThread "Signal Dispatcher" daemon [_thread_blocked, id=8984, stack(0x00000000583a0000,0x00000000584a0000)]
  0x0000000057223000 JavaThread "Finalizer" daemon [_thread_blocked, id=8032, stack(0x00000000584f0000,0x00000000585f0000)]
  0x000000005721c000 JavaThread "Reference Handler" daemon [_thread_blocked, id=7744, stack(0x0000000058260000,0x0000000058360000)]
  0x000000000249f000 JavaThread "main" [_thread_in_Java, id=8728, stack(0x0000000002700000,0x0000000002800000)]

Other Threads:
  0x00000000571d1800 VMThread [stack: 0x00000000580b0000,0x00000000581b0000] [id=9164]
  0x0000000058652800 WatcherThread [stack: 0x00000000592b0000,0x00000000593b0000] [id=2664]

VM state:not at safepoint (normal execution)

VM Mutex/Monitor currently owned by a thread: None

heap address: 0x0000000088a00000, size: 1910 MB, Compressed Oops mode: 32-bit
Narrow klass base: 0x0000000000000000, Narrow klass shift: 0
Compressed class space size: 1073741824 Address: 0x0000000016840000

Heap:
 PSYoungGen      total 66560K, used 52907K [0x00000000d8380000, 0x00000000dc980000, 0x0000000100000000)
  eden space 61440K, 86% used [0x00000000d8380000,0x00000000db72aea8,0x00000000dbf80000)
  from space 5120K, 0% used [0x00000000dbf80000,0x00000000dbf80000,0x00000000dc480000)
  to   space 5120K, 0% used [0x00000000dc480000,0x00000000dc480000,0x00000000dc980000)
 ParOldGen       total 62464K, used 28506K [0x0000000088a00000, 0x000000008c700000, 0x00000000d8380000)
  object space 62464K, 45% used [0x0000000088a00000,0x000000008a5d6a48,0x000000008c700000)
 Metaspace       used 39319K, capacity 39996K, committed 40240K, reserved 1085440K
  class space    used 4942K, capacity 5104K, committed 5168K, reserved 1048576K

Card table byte_map: [0x0000000011bc0000,0x0000000011f80000] byte_map_base: 0x000000001177b000

Marking Bits: (ParMarkBitMap*) 0x000000007441f030
 Begin Bits: [0x00000000128d0000, 0x00000000146a8000)
 End Bits:   [0x00000000146a8000, 0x0000000016480000)

Polling page: 0x0000000000240000

CodeCache: size=245760Kb used=10893Kb max_used=10893Kb free=234866Kb
 bounds [0x0000000002800000, 0x00000000032b0000, 0x0000000011800000]
 total_blobs=4009 nmethods=3559 adapters=363
 compilation: enabled

Compilation events (10 events):
Event: 4.266 Thread 0x000000005861d800 3573       3       sun.nio.fs.WindowsPath::getParent (5 bytes)
Event: 4.266 Thread 0x000000005861d800 nmethod 3573 0x00000000032a7290 code [0x00000000032a7400, 0x00000000032a75a8]
Event: 4.266 Thread 0x000000005861d800 3574       3       sun.nio.fs.WindowsFileAttributes::isHidden (15 bytes)
Event: 4.266 Thread 0x000000005861d800 nmethod 3574 0x00000000032a7650 code [0x00000000032a77a0, 0x00000000032a7950]
Event: 4.266 Thread 0x000000005861d800 3575       3       sun.nio.fs.WindowsFileAttributes::isReadOnly (15 bytes)
Event: 4.267 Thread 0x000000005861d800 nmethod 3575 0x00000000032a79d0 code [0x00000000032a7b20, 0x00000000032a7cd0]
Event: 4.267 Thread 0x000000005861d800 3576       3       org.jetbrains.kotlin.com.intellij.openapi.util.io.FileAttributes::<init> (30 bytes)
Event: 4.268 Thread 0x000000005861d800 nmethod 3576 0x00000000032a7d50 code [0x00000000032a7fc0, 0x00000000032a9118]
Event: 4.269 Thread 0x000000005861d800 3577       3       gnu.trove.THashMap::rehash (124 bytes)
Event: 4.270 Thread 0x000000005861d800 nmethod 3577 0x00000000032aa010 code [0x00000000032aa1e0, 0x00000000032aab38]

GC Heap History (10 events):
Event: 1.436 GC heap before
{Heap before GC invocations=3 (full 0):
 PSYoungGen      total 66560K, used 30084K [0x00000000d8380000, 0x00000000dc980000, 0x0000000100000000)
  eden space 61440K, 40% used [0x00000000d8380000,0x00000000d9be2a58,0x00000000dbf80000)
  from space 5120K, 99% used [0x00000000dc480000,0x00000000dc97e788,0x00000000dc980000)
  to   space 5120K, 0% used [0x00000000dbf80000,0x00000000dbf80000,0x00000000dc480000)
 ParOldGen       total 81920K, used 6514K [0x0000000088a00000, 0x000000008da00000, 0x00000000d8380000)
  object space 81920K, 7% used [0x0000000088a00000,0x000000008905ca80,0x000000008da00000)
 Metaspace       used 20774K, capacity 21190K, committed 21296K, reserved 1069056K
  class space    used 2451K, capacity 2593K, committed 2608K, reserved 1048576K
Event: 1.461 GC heap after
Heap after GC invocations=3 (full 0):
 PSYoungGen      total 66560K, used 5101K [0x00000000d8380000, 0x00000000dc980000, 0x0000000100000000)
  eden space 61440K, 0% used [0x00000000d8380000,0x00000000d8380000,0x00000000dbf80000)
  from space 5120K, 99% used [0x00000000dbf80000,0x00000000dc47b7c8,0x00000000dc480000)
  to   space 5120K, 0% used [0x00000000dc480000,0x00000000dc480000,0x00000000dc980000)
 ParOldGen       total 81920K, used 11887K [0x0000000088a00000, 0x000000008da00000, 0x00000000d8380000)
  object space 81920K, 14% used [0x0000000088a00000,0x000000008959bdc0,0x000000008da00000)
 Metaspace       used 20774K, capacity 21190K, committed 21296K, reserved 1069056K
  class space    used 2451K, capacity 2593K, committed 2608K, reserved 1048576K
}
Event: 1.461 GC heap before
{Heap before GC invocations=4 (full 1):
 PSYoungGen      total 66560K, used 5101K [0x00000000d8380000, 0x00000000dc980000, 0x0000000100000000)
  eden space 61440K, 0% used [0x00000000d8380000,0x00000000d8380000,0x00000000dbf80000)
  from space 5120K, 99% used [0x00000000dbf80000,0x00000000dc47b7c8,0x00000000dc480000)
  to   space 5120K, 0% used [0x00000000dc480000,0x00000000dc480000,0x00000000dc980000)
 ParOldGen       total 81920K, used 11887K [0x0000000088a00000, 0x000000008da00000, 0x00000000d8380000)
  object space 81920K, 14% used [0x0000000088a00000,0x000000008959bdc0,0x000000008da00000)
 Metaspace       used 20774K, capacity 21190K, committed 21296K, reserved 1069056K
  class space    used 2451K, capacity 2593K, committed 2608K, reserved 1048576K
Event: 1.517 GC heap after
Heap after GC invocations=4 (full 1):
 PSYoungGen      total 66560K, used 0K [0x00000000d8380000, 0x00000000dc980000, 0x0000000100000000)
  eden space 61440K, 0% used [0x00000000d8380000,0x00000000d8380000,0x00000000dbf80000)
  from space 5120K, 0% used [0x00000000dbf80000,0x00000000dbf80000,0x00000000dc480000)
  to   space 5120K, 0% used [0x00000000dc480000,0x00000000dc480000,0x00000000dc980000)
 ParOldGen       total 62464K, used 10326K [0x0000000088a00000, 0x000000008c700000, 0x00000000d8380000)
  object space 62464K, 16% used [0x0000000088a00000,0x0000000089415b48,0x000000008c700000)
 Metaspace       used 20774K, capacity 21190K, committed 21296K, reserved 1069056K
  class space    used 2451K, capacity 2593K, committed 2608K, reserved 1048576K
}
Event: 2.660 GC heap before
{Heap before GC invocations=5 (full 1):
 PSYoungGen      total 66560K, used 61440K [0x00000000d8380000, 0x00000000dc980000, 0x0000000100000000)
  eden space 61440K, 100% used [0x00000000d8380000,0x00000000dbf80000,0x00000000dbf80000)
  from space 5120K, 0% used [0x00000000dbf80000,0x00000000dbf80000,0x00000000dc480000)
  to   space 5120K, 0% used [0x00000000dc480000,0x00000000dc480000,0x00000000dc980000)
 ParOldGen       total 62464K, used 10326K [0x0000000088a00000, 0x000000008c700000, 0x00000000d8380000)
  object space 62464K, 16% used [0x0000000088a00000,0x0000000089415b48,0x000000008c700000)
 Metaspace       used 27680K, capacity 28236K, committed 28336K, reserved 1075200K
  class space    used 3333K, capacity 3479K, committed 3504K, reserved 1048576K
Event: 2.674 GC heap after
Heap after GC invocations=5 (full 1):
 PSYoungGen      total 66560K, used 5101K [0x00000000d8380000, 0x00000000dc980000, 0x0000000100000000)
  eden space 61440K, 0% used [0x00000000d8380000,0x00000000d8380000,0x00000000dbf80000)
  from space 5120K, 99% used [0x00000000dc480000,0x00000000dc97b5f0,0x00000000dc980000)
  to   space 5120K, 0% used [0x00000000dbf80000,0x00000000dbf80000,0x00000000dc480000)
 ParOldGen       total 62464K, used 19287K [0x0000000088a00000, 0x000000008c700000, 0x00000000d8380000)
  object space 62464K, 30% used [0x0000000088a00000,0x0000000089cd5d20,0x000000008c700000)
 Metaspace       used 27680K, capacity 28236K, committed 28336K, reserved 1075200K
  class space    used 3333K, capacity 3479K, committed 3504K, reserved 1048576K
}
Event: 3.272 GC heap before
{Heap before GC invocations=6 (full 1):
 PSYoungGen      total 66560K, used 42462K [0x00000000d8380000, 0x00000000dc980000, 0x0000000100000000)
  eden space 61440K, 60% used [0x00000000d8380000,0x00000000da7fc448,0x00000000dbf80000)
  from space 5120K, 99% used [0x00000000dc480000,0x00000000dc97b5f0,0x00000000dc980000)
  to   space 5120K, 0% used [0x00000000dbf80000,0x00000000dbf80000,0x00000000dc480000)
 ParOldGen       total 62464K, used 19287K [0x0000000088a00000, 0x000000008c700000, 0x00000000d8380000)
  object space 62464K, 30% used [0x0000000088a00000,0x0000000089cd5d20,0x000000008c700000)
 Metaspace       used 34649K, capacity 35178K, committed 35496K, reserved 1081344K
  class space    used 4416K, capacity 4549K, committed 4656K, reserved 1048576K
Event: 3.288 GC heap after
Heap after GC invocations=6 (full 1):
 PSYoungGen      total 66560K, used 5100K [0x00000000d8380000, 0x00000000dc980000, 0x0000000100000000)
  eden space 61440K, 0% used [0x00000000d8380000,0x00000000d8380000,0x00000000dbf80000)
  from space 5120K, 99% used [0x00000000dbf80000,0x00000000dc47b130,0x00000000dc480000)
  to   space 5120K, 0% used [0x00000000dc480000,0x00000000dc480000,0x00000000dc980000)
 ParOldGen       total 62464K, used 28518K [0x0000000088a00000, 0x000000008c700000, 0x00000000d8380000)
  object space 62464K, 45% used [0x0000000088a00000,0x000000008a5d98b8,0x000000008c700000)
 Metaspace       used 34649K, capacity 35178K, committed 35496K, reserved 1081344K
  class space    used 4416K, capacity 4549K, committed 4656K, reserved 1048576K
}
Event: 3.288 GC heap before
{Heap before GC invocations=7 (full 2):
 PSYoungGen      total 66560K, used 5100K [0x00000000d8380000, 0x00000000dc980000, 0x0000000100000000)
  eden space 61440K, 0% used [0x00000000d8380000,0x00000000d8380000,0x00000000dbf80000)
  from space 5120K, 99% used [0x00000000dbf80000,0x00000000dc47b130,0x00000000dc480000)
  to   space 5120K, 0% used [0x00000000dc480000,0x00000000dc480000,0x00000000dc980000)
 ParOldGen       total 62464K, used 28518K [0x0000000088a00000, 0x000000008c700000, 0x00000000d8380000)
  object space 62464K, 45% used [0x0000000088a00000,0x000000008a5d98b8,0x000000008c700000)
 Metaspace       used 34649K, capacity 35178K, committed 35496K, reserved 1081344K
  class space    used 4416K, capacity 4549K, committed 4656K, reserved 1048576K
Event: 3.389 GC heap after
Heap after GC invocations=7 (full 2):
 PSYoungGen      total 66560K, used 0K [0x00000000d8380000, 0x00000000dc980000, 0x0000000100000000)
  eden space 61440K, 0% used [0x00000000d8380000,0x00000000d8380000,0x00000000dbf80000)
  from space 5120K, 0% used [0x00000000dbf80000,0x00000000dbf80000,0x00000000dc480000)
  to   space 5120K, 0% used [0x00000000dc480000,0x00000000dc480000,0x00000000dc980000)
 ParOldGen       total 62464K, used 28506K [0x0000000088a00000, 0x000000008c700000, 0x00000000d8380000)
  object space 62464K, 45% used [0x0000000088a00000,0x000000008a5d6a48,0x000000008c700000)
 Metaspace       used 34649K, capacity 35178K, committed 35496K, reserved 1081344K
  class space    used 4416K, capacity 4549K, committed 4656K, reserved 1048576K
}

Deoptimization events (10 events):
Event: 3.560 Thread 0x000000000249f000 Uncommon trap: reason=class_check action=maybe_recompile pc=0x0000000002e6eac4 method=org.jetbrains.kotlin.protobuf.CodedInputStream.tryRefillBuffer(I)Z @ 177
Event: 3.738 Thread 0x000000000249f000 Uncommon trap: reason=bimorphic action=maybe_recompile pc=0x0000000003091934 method=gnu.trove.TObjectHash.equals(Ljava/lang/Object;Ljava/lang/Object;)Z @ 6
Event: 3.738 Thread 0x000000000249f000 Uncommon trap: reason=bimorphic action=maybe_recompile pc=0x0000000003091934 method=gnu.trove.TObjectHash.equals(Ljava/lang/Object;Ljava/lang/Object;)Z @ 6
Event: 3.738 Thread 0x000000000249f000 Uncommon trap: reason=bimorphic action=maybe_recompile pc=0x0000000003091934 method=gnu.trove.TObjectHash.equals(Ljava/lang/Object;Ljava/lang/Object;)Z @ 6
Event: 3.738 Thread 0x000000000249f000 Uncommon trap: reason=bimorphic action=maybe_recompile pc=0x0000000003091934 method=gnu.trove.TObjectHash.equals(Ljava/lang/Object;Ljava/lang/Object;)Z @ 6
Event: 3.851 Thread 0x000000000249f000 Uncommon trap: reason=bimorphic action=maybe_recompile pc=0x0000000002be66a8 method=java.util.HashMap.putVal(ILjava/lang/Object;Ljava/lang/Object;ZZ)Ljava/lang/Object; @ 203
Event: 3.851 Thread 0x000000000249f000 Uncommon trap: reason=bimorphic action=maybe_recompile pc=0x0000000002be66a8 method=java.util.HashMap.putVal(ILjava/lang/Object;Ljava/lang/Object;ZZ)Ljava/lang/Object; @ 203
Event: 3.851 Thread 0x000000000249f000 Uncommon trap: reason=bimorphic action=maybe_recompile pc=0x0000000002be66a8 method=java.util.HashMap.putVal(ILjava/lang/Object;Ljava/lang/Object;ZZ)Ljava/lang/Object; @ 203
Event: 4.119 Thread 0x000000000249f000 Uncommon trap: reason=unstable_if action=reinterpret pc=0x0000000002e99a00 method=java.lang.AbstractStringBuilder.append(Ljava/lang/CharSequence;)Ljava/lang/AbstractStringBuilder; @ 29
Event: 4.210 Thread 0x000000000249f000 Uncommon trap: reason=unstable_if action=reinterpret pc=0x00000000031dca50 method=java.text.StringCharacterIterator.current()C @ 19

Classes redefined (0 events):
No events

Internal exceptions (10 events):
Event: 1.430 Thread 0x000000000249f000 Exception <a 'java/lang/NoSuchMethodError': java.lang.Object.lambda$static$0(I)[Lorg/jetbrains/kotlin/com/intellij/psi/PsiElement;> (0x00000000d9a7caa0) thrown at [C:\src\AOSP-openjdk-git\hotspot\src\share\vm\interpreter\linkResolver.cpp, line 620]
Event: 2.119 Thread 0x000000000249f000 Implicit null exception at 0x0000000002bed2c4 to 0x0000000002bed509
Event: 2.120 Thread 0x000000000249f000 Implicit null exception at 0x0000000002c0a1ab to 0x0000000002c0a805
Event: 2.120 Thread 0x000000000249f000 Implicit null exception at 0x0000000002af632f to 0x0000000002af6395
Event: 2.576 Thread 0x000000000249f000 Exception <a 'java/lang/ArrayIndexOutOfBoundsException': 126> (0x00000000db9836f0) thrown at [C:\src\AOSP-openjdk-git\hotspot\src\share\vm\interpreter\interpreterRuntime.cpp, line 368]
Event: 2.576 Thread 0x000000000249f000 Exception <a 'java/lang/ArrayIndexOutOfBoundsException': 86> (0x00000000db984b78) thrown at [C:\src\AOSP-openjdk-git\hotspot\src\share\vm\interpreter\interpreterRuntime.cpp, line 368]
Event: 3.214 Thread 0x000000000249f000 Exception <a 'java/lang/NoSuchMethodError': java.lang.Object.lambda$static$0(I)[Lorg/jetbrains/kotlin/psi/KtExpression;> (0x00000000da59b010) thrown at [C:\src\AOSP-openjdk-git\hotspot\src\share\vm\interpreter\linkResolver.cpp, line 620]
Event: 3.500 Thread 0x000000000249f000 Exception <a 'java/lang/NoSuchMethodError': java.lang.Object.lambda$static$0(I)[Lorg/jetbrains/kotlin/psi/KtDeclaration;> (0x00000000d87fc228) thrown at [C:\src\AOSP-openjdk-git\hotspot\src\share\vm\interpreter\linkResolver.cpp, line 620]
Event: 3.655 Thread 0x000000000249f000 Exception <a 'java/lang/NoSuchMethodError': java.lang.Object.lambda$static$0(I)[Lorg/jetbrains/kotlin/psi/KtTypeElement;> (0x00000000d9025338) thrown at [C:\src\AOSP-openjdk-git\hotspot\src\share\vm\interpreter\linkResolver.cpp, line 620]
Event: 4.131 Thread 0x000000000249f000 Exception <a 'java/lang/NoSuchMethodError': java.lang.Object.lambda$static$0(I)[Lorg/jetbrains/kotlin/com/intellij/psi/PsiClass;> (0x00000000db1f9a08) thrown at [C:\src\AOSP-openjdk-git\hotspot\src\share\vm\interpreter\linkResolver.cpp, line 620]

Events (10 events):
Event: 4.196 loading class org/jetbrains/kotlin/load/java/structure/JavaArrayAnnotationArgument done
Event: 4.196 loading class org/jetbrains/kotlin/load/java/structure/impl/classFiles/PlainJavaEnumValueAnnotationArgument
Event: 4.196 loading class org/jetbrains/kotlin/load/java/structure/impl/classFiles/PlainJavaEnumValueAnnotationArgument done
Event: 4.197 loading class org/jetbrains/kotlin/load/java/structure/JavaEnumValueAnnotationArgument
Event: 4.197 loading class org/jetbrains/kotlin/load/java/structure/JavaEnumValueAnnotationArgument done
Event: 4.210 Thread 0x000000000249f000 Uncommon trap: trap_request=0xffffff65 fr.pc=0x00000000031dca50
Event: 4.210 Thread 0x000000000249f000 DEOPT PACKING pc=0x00000000031dca50 sp=0x00000000027fb4d0
Event: 4.210 Thread 0x000000000249f000 DEOPT UNPACKING pc=0x000000000284557b sp=0x00000000027fb470 mode 2
Event: 4.221 loading class javaslang/control/Option$None
Event: 4.221 loading class javaslang/control/Option$None done


Dynamic libraries:
0x000000013f140000 - 0x000000013f171000 	C:\Program Files\Android\Android Studio\jre\jre\bin\java.exe
0x00000000772f0000 - 0x000000007749a000 	C:\Windows\SYSTEM32\ntdll.dll
0x00000000771d0000 - 0x00000000772ef000 	C:\Windows\system32\kernel32.dll
0x000007fefda70000 - 0x000007fefdada000 	C:\Windows\system32\KERNELBASE.dll
0x000007fefdd30000 - 0x000007fefde0b000 	C:\Windows\system32\ADVAPI32.DLL
0x000007fefde30000 - 0x000007fefdecf000 	C:\Windows\system32\msvcrt.dll
0x000007fefde10000 - 0x000007fefde2f000 	C:\Windows\SYSTEM32\sechost.dll
0x000007fefe250000 - 0x000007fefe37d000 	C:\Windows\system32\RPCRT4.dll
0x0000000076d70000 - 0x0000000076e6a000 	C:\Windows\system32\USER32.dll
0x000007fefe380000 - 0x000007fefe3e7000 	C:\Windows\system32\GDI32.dll
0x000007fefe500000 - 0x000007fefe50e000 	C:\Windows\system32\LPK.dll
0x000007fefdb20000 - 0x000007fefdbea000 	C:\Windows\system32\USP10.dll
0x000007fefb9a0000 - 0x000007fefbb94000 	C:\Windows\WinSxS\amd64_microsoft.windows.common-controls_6595b64144ccf1df_6.0.7601.18837_none_fa3b1e3d17594757\COMCTL32.dll
0x000007fefe1b0000 - 0x000007fefe221000 	C:\Windows\system32\SHLWAPI.dll
0x000007fefdc00000 - 0x000007fefdc2e000 	C:\Windows\system32\IMM32.DLL
0x000007fefe3f0000 - 0x000007fefe4f9000 	C:\Windows\system32\MSCTF.dll
0x0000000073a30000 - 0x0000000073b02000 	C:\Program Files\Android\Android Studio\jre\jre\bin\msvcr100.dll
0x0000000073c50000 - 0x000000007449b000 	C:\Program Files\Android\Android Studio\jre\jre\bin\server\jvm.dll
0x000007feee170000 - 0x000007feee179000 	C:\Windows\system32\WSOCK32.dll
0x000007fefe160000 - 0x000007fefe1ad000 	C:\Windows\system32\WS2_32.dll
0x000007fefdbf0000 - 0x000007fefdbf8000 	C:\Windows\system32\NSI.dll
0x000007fef9730000 - 0x000007fef976b000 	C:\Windows\system32\WINMM.dll
0x000007fefc8b0000 - 0x000007fefc8bc000 	C:\Windows\system32\VERSION.dll
0x00000000774b0000 - 0x00000000774b7000 	C:\Windows\system32\PSAPI.DLL
0x000007feee160000 - 0x000007feee16f000 	C:\Program Files\Android\Android Studio\jre\jre\bin\verify.dll
0x000007feee130000 - 0x000007feee159000 	C:\Program Files\Android\Android Studio\jre\jre\bin\java.dll
0x000007feee110000 - 0x000007feee126000 	C:\Program Files\Android\Android Studio\jre\jre\bin\zip.dll
0x000007fefe510000 - 0x000007feff29c000 	C:\Windows\system32\SHELL32.dll
0x000007fefdf50000 - 0x000007fefe153000 	C:\Windows\system32\ole32.dll
0x000007fefd750000 - 0x000007fefd75f000 	C:\Windows\system32\profapi.dll
0x000007feee0f0000 - 0x000007feee10a000 	C:\Program Files\Android\Android Studio\jre\jre\bin\net.dll
0x000007fefcf80000 - 0x000007fefcfd5000 	C:\Windows\system32\mswsock.dll
0x000007fefcf70000 - 0x000007fefcf77000 	C:\Windows\System32\wship6.dll
0x000007feee0d0000 - 0x000007feee0e3000 	C:\Program Files\Android\Android Studio\jre\jre\bin\nio.dll

VM Arguments:
java_command: org.jetbrains.kotlin.cli.jvm.K2JVMCompiler -Xallow-no-source-files -classpath C:\Users\Administrator\AndroidProject\Receving_Order\app\build\intermediates\compile_and_runtime_not_namespaced_r_class_jar\debug\R.jar;C:\Users\Administrator\.gradle\caches\transforms-2\files-2.1\5f98b776d21d1fc22da3fe7d78e8ca5d\SmartRefreshLayout-1.1.0-alpha-31-api.jar;C:\Users\Administrator\.gradle\caches\modules-2\files-2.1\de.greenrobot\eventbus\2.4.0\ddd166d01b3158d1c00576d29f7ed15c030df719\eventbus-2.4.0.jar;C:\Users\Administrator\.gradle\caches\modules-2\files-2.1\org.jetbrains.kotlin\kotlin-android-extensions-runtime\1.3.72\83423235971335be77d2ea025008bc9959738ffc\kotlin-android-extensions-runtime-1.3.72.jar;C:\Users\Administrator\AndroidProject\Receving_Order\baselib\build\intermediates\compile_library_classes_jar\debug\classes.jar;C:\Users\Administrator\.gradle\caches\modules-2\files-2.1\com.fasterxml.jackson.module\jackson-module-kotlin\2.9.6\12c5482762e03c19a95187fd94c3611738dee604\jackson-module-kotlin-2.9.6.jar;C:\Users\Administrator\.gradle\caches\modules-2\files-2.1\org.jetbrains.kotlin\kotlin-reflect\1.2.21\3159ff5936aa570a90050d385cb717fbb6c1723a\kotlin-reflect-1.2.21.jar;C:\Users\Administrator\.gradle\caches\modules-2\files-2.1\org.jetbrains.kotlin\kotlin-stdlib\1.3.72\8032138f12c0180bc4e51fe139d4c52b46db6109\kotlin-stdlib-1.3.72.jar;C:\Users\Administrator\.gradle\caches\modules-2\files-2.1\org.jetbrains.kotlin\kotlin-stdlib-common\1.3.72\6ca8bee3d88957eaaaef077c41c908c9940492d8\kotlin-stdlib-common-1.3.72.jar;C:\Users\Administrator\.gradle\caches\modules-2\files-2.1\org.jetbrains\annotations\13.0\919f0dfe192fb4e063e7dacadee7f8bb9a2672a9\annotations-13.0.jar;C:\Users\Administrator\.gradle\caches\transforms-2\files-2.1\77c0fd00e97923d846325e70f7a12d84\constraint-layout-2.0.4-api.jar;C:\Users\Administrator\.gradle\caches\transforms-2\files-2.1\0450101598045cd4206d6c69f763306a\design-28.0.0-api.jar;C:\Users\Administrator\.gradle\caches\transforms-2\files-2.
java_class_path (initial): C:\Users\Administrator\.gradle\caches\modules-2\files-2.1\org.jetbrains.kotlin\kotlin-compiler-embeddable\1.3.72\fb72232c8fa977d5e07d33c43381ddbdc5edab6\kotlin-compiler-embeddable-1.3.72.jar;C:\Users\Administrator\.gradle\caches\modules-2\files-2.1\org.jetbrains.kotlin\kotlin-reflect\1.3.72\86613e1a669a701b0c660bfd2af4f82a7ae11fca\kotlin-reflect-1.3.72.jar;C:\Users\Administrator\.gradle\caches\modules-2\files-2.1\org.jetbrains.kotlin\kotlin-stdlib\1.3.72\8032138f12c0180bc4e51fe139d4c52b46db6109\kotlin-stdlib-1.3.72.jar;C:\Users\Administrator\.gradle\caches\modules-2\files-2.1\org.jetbrains.kotlin\kotlin-script-runtime\1.3.72\657d8d34d91e1964b4439378c09933e840bfe8d5\kotlin-script-runtime-1.3.72.jar;C:\Users\Administrator\.gradle\caches\modules-2\files-2.1\org.jetbrains.kotlin\kotlin-daemon-embeddable\1.3.72\53bbaa2816dbf6bdb85f629451b1fcc88f2164d2\kotlin-daemon-embeddable-1.3.72.jar;C:\Users\Administrator\.gradle\caches\modules-2\files-2.1\org.jetbrains.intellij.deps\trove4j\1.0.20181211\216c2e14b070f334479d800987affe4054cd563f\trove4j-1.0.20181211.jar;C:\Users\Administrator\.gradle\caches\modules-2\files-2.1\org.jetbrains.kotlin\kotlin-stdlib-common\1.3.72\6ca8bee3d88957eaaaef077c41c908c9940492d8\kotlin-stdlib-common-1.3.72.jar;C:\Users\Administrator\.gradle\caches\modules-2\files-2.1\org.jetbrains\annotations\13.0\919f0dfe192fb4e063e7dacadee7f8bb9a2672a9\annotations-13.0.jar;C:\Program Files\Android\Android Studio\jre\lib\tools.jar
Launcher Type: SUN_STANDARD

Environment Variables:
JAVA_HOME=C:\Program Files\Java\jdk-15.0.1
CLASSPATH= .;C:\Program Files\Java\jdk-15.0.1\lib;C:\Program Files\Java\jdk-15.0.1\lib\tools.jar
PATH=C:\Program Files\Common Files\Oracle\Java\javapath;C:\Windows\system32;C:\Windows;C:\Windows\System32\Wbem;C:\Windows\System32\WindowsPowerShell\v1.0\;C:\Program Files\Java\jdk-15.0.1\bin;C:\Program Files\Java\jdk-15.0.1\jre\bin;C:\Program Files\Git\cmd
USERNAME=Administrator
OS=Windows_NT
PROCESSOR_IDENTIFIER=Intel64 Family 6 Model 60 Stepping 3, GenuineIntel



---------------  S Y S T E M  ---------------

OS: Windows 7 , 64 bit Build 7601 (6.1.7601.23418)

CPU:total 4 (initial active 4) (4 cores per cpu, 1 threads per core) family 6 model 60 stepping 3, cmov, cx8, fxsr, mmx, sse, sse2, sse3, ssse3, sse4.1, sse4.2, popcnt, avx, avx2, aes, clmul, erms, lzcnt, tsc, tscinvbit, bmi1, bmi2

Memory: 4k page, physical 7819368k(551972k free), swap 7819368k(5188k free)

vm_info: OpenJDK 64-Bit Server VM (25.242-b01) for windows-amd64 JRE (1.8.0_242-release-1644-b01), built by "builder" with MS VC++ 10.0 (VS2010)

time: Wed Nov 25 16:36:21 2020
timezone: 中国标准时间
elapsed time: 4 seconds (0d 0h 0m 4s)

