JvmtiExport can_access_local_variables 0
JvmtiExport can_hotswap_or_post_breakpoint 0
JvmtiExport can_post_on_exceptions 0
# 238 ciObject found
instanceKlass org/jetbrains/kotlin/gradle/internal/AndroidSubplugin
instanceKlass org/jetbrains/kotlin/gradle/plugin/KotlinGradleSubplugin
instanceKlass org/jetbrains/kotlin/gradle/plugin/SubpluginEnvironment$Companion
instanceKlass org/jetbrains/kotlin/gradle/plugin/SubpluginEnvironment
instanceKlass org/jetbrains/kotlin/gradle/plugin/Android25ProjectHandler$wireKotlinTasks$$inlined$run$lambda$1
instanceKlass org/jetbrains/kotlin/gradle/plugin/mpp/DefaultKotlinCompilationOutput$$special$$inlined$apply$lambda$1
instanceKlass org/jetbrains/kotlin/gradle/plugin/mpp/AbstractKotlinCompilation$output$2$1
instanceKlass org/jetbrains/kotlin/gradle/plugin/mpp/DefaultKotlinCompilationOutput
instanceKlass org/jetbrains/kotlin/gradle/plugin/KotlinCompilationOutput
instanceKlass org/jetbrains/kotlin/gradle/plugin/Android25ProjectHandler$wireKotlinTasks$2
instanceKlass org/jetbrains/kotlin/gradle/plugin/GradleUtilsKt$sam$java_util_concurrent_Callable$0
instanceKlass com/android/utils/FileUtils$$Lambda$455
instanceKlass com/android/build/gradle/tasks/RenderscriptCompile$CreationAction$configure$2
instanceKlass com/android/build/gradle/tasks/RenderscriptCompile$CreationAction$configure$1
instanceKlass com/android/sdklib/BuildToolInfo
instanceKlass com/android/build/gradle/tasks/AidlCompile$CreationAction$configure$2
instanceKlass com/android/build/gradle/tasks/AidlCompile$CreationAction$configure$1
instanceKlass com/android/build/gradle/tasks/AidlCompile$Companion
instanceKlass org/gradle/api/internal/provider/MapCollectors$EntriesFromMapProvider
instanceKlass org/gradle/api/internal/provider/MapCollectors$EntriesFromMap
instanceKlass org/gradle/api/internal/provider/DefaultMapProperty$CollectingSupplier
instanceKlass org/gradle/api/internal/provider/ValidatingMapEntryCollector
instanceKlass org/gradle/api/internal/provider/DefaultMapProperty$EmptySupplier
instanceKlass org/gradle/api/internal/provider/DefaultMapProperty$NoValueSupplier
instanceKlass org/gradle/api/internal/provider/MapCollector
instanceKlass org/gradle/api/internal/provider/MapSupplier
instanceKlass org/gradle/api/internal/provider/MapEntryCollector
instanceKlass org/gradle/api/internal/provider/MapProviderInternal
instanceKlass com/android/build/gradle/tasks/GenerateBuildConfig$CreationAction$configure$2
instanceKlass com/android/build/gradle/tasks/GenerateBuildConfig$CreationAction$configure$1
instanceKlass com/android/build/gradle/internal/api/DefaultAndroidSourceDirectorySet$getSourceDirectoryTrees$1
instanceKlass com/android/build/gradle/internal/api/BaseVariantImpl$1
instanceKlass org/jetbrains/kotlin/gradle/plugin/sources/SourceSetConsistencyChecker
instanceKlass org/jetbrains/kotlin/gradle/plugin/sources/ConsistencyCheck
instanceKlass org/jetbrains/kotlin/gradle/plugin/sources/SourceSetConsistencyChecks
instanceKlass org/jetbrains/kotlin/gradle/plugin/sources/SourceSetConsistencyCheckerKt
instanceKlass org/jetbrains/kotlin/gradle/plugin/GradleUtilsKt
instanceKlass com/android/build/api/variant/impl/GradleProperty$Companion
instanceKlass com/android/build/api/variant/impl/GradleProperty
instanceKlass com/android/build/gradle/internal/scope/ArtifactPublishingUtil$publishArtifactToDefaultVariant$1
instanceKlass org/gradle/api/internal/artifacts/dsl/LazyPublishArtifact
instanceKlass org/gradle/api/internal/artifacts/publish/AbstractPublishArtifact
instanceKlass org/gradle/api/internal/artifacts/PublishArtifactInternal
instanceKlass com/android/build/gradle/internal/scope/ArtifactPublishingUtil$publishArtifactToConfiguration$1$1$1
instanceKlass org/gradle/api/internal/artifacts/configurations/DefaultVariant
instanceKlass org/gradle/api/internal/artifacts/ConfigurationVariantInternal
instanceKlass com/android/build/gradle/internal/scope/ArtifactPublishingUtil$publishArtifactToConfiguration$1$1
instanceKlass com/android/build/gradle/internal/scope/ArtifactPublishingUtil$publishArtifactToConfiguration$1
instanceKlass com/android/build/gradle/internal/scope/ArtifactPublishingUtil
instanceKlass com/android/build/gradle/internal/scope/BuildArtifactSpec$Companion
instanceKlass com/android/build/gradle/internal/scope/BuildArtifactSpec
instanceKlass com/android/build/gradle/internal/TaskManager$$Lambda$454
instanceKlass com/android/build/gradle/internal/TaskManager$$Lambda$453
instanceKlass com/android/build/gradle/internal/TaskManager$$Lambda$452
instanceKlass com/android/build/gradle/internal/TaskManager$$Lambda$451
instanceKlass com/android/build/gradle/internal/TaskManager$$Lambda$450
instanceKlass com/android/build/gradle/internal/TaskManager$$Lambda$449
instanceKlass com/android/build/gradle/internal/TaskManager$$Lambda$448
instanceKlass org/jetbrains/kotlin/gradle/plugin/KotlinCompilation$DefaultImpls
instanceKlass org/jetbrains/kotlin/gradle/plugin/mpp/AbstractKotlinCompilation$addSourcesToCompileTask$1$1
instanceKlass org/jetbrains/kotlin/gradle/plugin/sources/DefaultKotlinSourceSet$customSourceFilesExtensions$$inlined$Iterable$1
instanceKlass org/gradle/api/internal/file/collections/ReproducibleDirectoryWalker
instanceKlass org/gradle/internal/nativeintegration/services/FileSystems
instanceKlass org/gradle/api/internal/file/collections/DefaultDirectoryWalker
instanceKlass org/gradle/api/file/FileVisitDetails
instanceKlass org/gradle/api/file/FileTreeElement
instanceKlass org/gradle/api/internal/file/collections/DirectoryWalker
instanceKlass org/gradle/api/internal/file/collections/DirectoryFileTree
instanceKlass org/gradle/api/internal/file/collections/LocalFileTree
instanceKlass org/gradle/api/internal/file/collections/RandomAccessFileCollection
instanceKlass org/gradle/api/internal/file/collections/PatternFilterableFileTree
instanceKlass kotlin/collections/MapWithDefault
instanceKlass org/jetbrains/kotlin/gradle/utils/ProviderApiUtilsKt
instanceKlass org/jetbrains/kotlin/config/MavenComparableVersion$IntegerItem
instanceKlass org/jetbrains/kotlin/config/MavenComparableVersion$Item
instanceKlass org/jetbrains/kotlin/config/MavenComparableVersion
instanceKlass org/jetbrains/kotlin/config/LanguageVersion$Companion
instanceKlass org/jetbrains/kotlin/config/ApiVersion$Companion
instanceKlass org/jetbrains/kotlin/config/ApiVersion
instanceKlass org/jetbrains/kotlin/gradle/plugin/sources/DefaultLanguageSettingsBuilderKt
instanceKlass org/jetbrains/kotlin/gradle/dsl/KotlinJsCompile
instanceKlass org/jetbrains/kotlin/gradle/plugin/KotlinPropertiesKt
instanceKlass org/jetbrains/kotlin/gradle/tasks/KotlinCompile$compilerArgumentsContributor$2
instanceKlass org/jetbrains/kotlin/gradle/tasks/AbstractKotlinCompile$isMultiplatform$2
instanceKlass org/jetbrains/kotlin/gradle/tasks/AbstractKotlinCompile$friendPaths$2
instanceKlass org/jetbrains/kotlin/gradle/tasks/AbstractKotlinCompile$moduleName$2
instanceKlass org/jetbrains/kotlin/gradle/tasks/AbstractKotlinCompile$coroutines$2
instanceKlass org/jetbrains/kotlin/gradle/tasks/AbstractKotlinCompile$sourceFilesExtensions$2
instanceKlass org/jetbrains/kotlin/gradle/tasks/AbstractKotlinCompile$compileClasspathImpl$2
instanceKlass org/jetbrains/kotlin/gradle/tasks/AbstractKotlinCompile$pluginClasspath$2
instanceKlass org/jetbrains/kotlin/gradle/tasks/AbstractKotlinCompile$taskData$2
instanceKlass org/jetbrains/kotlin/gradle/tasks/AbstractKotlinCompile$taskBuildDirectory$2
instanceKlass org/jetbrains/kotlin/gradle/tasks/CacheableTasksKt$cacheOnlyIfEnabledForKotlin$1
instanceKlass org/jetbrains/kotlin/gradle/tasks/CacheableTasksKt
instanceKlass org/jetbrains/kotlin/gradle/tasks/AbstractKotlinCompileTool$computedCompilerClasspath$2
instanceKlass org/jetbrains/kotlin/gradle/tasks/CompilerPluginOptions
instanceKlass org/jetbrains/kotlin/gradle/logging/GradleKotlinLogger
instanceKlass org/jetbrains/kotlin/compilerRunner/KotlinLogger
instanceKlass org/jetbrains/kotlin/compilerRunner/GradleCompilerRunner
instanceKlass org/jetbrains/kotlin/daemon/common/MultiModuleICSettings
instanceKlass org/jetbrains/kotlin/gradle/internal/CompilerArgumentsContributor
instanceKlass org/jetbrains/kotlin/incremental/ChangedFiles
instanceKlass org/jetbrains/kotlin/gradle/tasks/SourceRoots
instanceKlass org/jetbrains/kotlin/gradle/tasks/FilteringSourceRootsContainer
instanceKlass org/jetbrains/kotlin/gradle/plugin/mpp/AbstractKotlinCompilation$addSourcesToCompileTask$3
instanceKlass org/jetbrains/kotlin/gradle/plugin/mpp/AbstractKotlinCompilation$addSourcesToCompileTask$2
instanceKlass org/jetbrains/kotlin/gradle/tasks/AndroidTasksProvider$configure$1
instanceKlass org/jetbrains/kotlin/gradle/plugin/RunOnceAfterEvaluatedKt$runOnceAfterEvaluated$2
instanceKlass org/jetbrains/kotlin/gradle/plugin/RunOnceAfterEvaluated
instanceKlass org/jetbrains/kotlin/gradle/plugin/RunOnceAfterEvaluatedKt
instanceKlass org/jetbrains/kotlin/gradle/tasks/TasksProviderKt$sam$i$org_gradle_api_Action$0
instanceKlass kotlin/jvm/internal/CollectionToArray
instanceKlass org/jetbrains/kotlin/gradle/tasks/TasksProviderKt
instanceKlass org/jetbrains/kotlin/gradle/internal/tasks/TaskWithLocalState
instanceKlass org/jetbrains/kotlin/gradle/internal/CompilerArgumentAwareWithInput
instanceKlass org/jetbrains/kotlin/gradle/internal/CompilerArgumentAware
instanceKlass org/jetbrains/kotlin/gradle/dsl/KotlinJvmCompile
instanceKlass org/jetbrains/kotlin/gradle/dsl/KotlinCompile
instanceKlass org/jetbrains/kotlin/gradle/plugin/AbstractAndroidProjectHandler$preprocessVariant$$inlined$apply$lambda$1
instanceKlass org/jetbrains/kotlin/gradle/tasks/KotlinCompileTaskData$buildHistoryFile$2
instanceKlass org/jetbrains/kotlin/gradle/tasks/KotlinCompileTaskData$taskBuildDirectory$2
instanceKlass org/jetbrains/kotlin/gradle/tasks/KotlinCompileTaskData$Companion$register$$inlined$apply$lambda$1
instanceKlass org/jetbrains/kotlin/gradle/tasks/KotlinCompileTaskData$Companion
instanceKlass org/jetbrains/kotlin/gradle/tasks/KotlinCompileTaskData
instanceKlass org/gradle/api/internal/tasks/TaskOutputFilePropertyRegistration
instanceKlass org/gradle/api/tasks/TaskOutputFilePropertyBuilder
instanceKlass org/gradle/api/internal/tasks/DefaultTaskOutputs$6
instanceKlass kotlin/jvm/internal/SpreadBuilder
instanceKlass com/android/build/gradle/internal/scope/ArtifactTypeUtil
instanceKlass org/gradle/api/internal/file/DefaultProjectLayout$2
instanceKlass org/gradle/api/internal/AbstractTask$11
instanceKlass com/android/build/gradle/tasks/JavaCompileKt$handleAnnotationProcessors$1
instanceKlass org/gradle/api/internal/tasks/TaskPropertyUtils
instanceKlass org/gradle/api/internal/tasks/AbstractTaskFilePropertyRegistration
instanceKlass org/gradle/api/internal/tasks/TaskInputFilePropertyRegistration
instanceKlass org/gradle/api/internal/tasks/TaskPropertyRegistration
instanceKlass org/gradle/api/internal/tasks/StaticValue
instanceKlass org/gradle/api/internal/tasks/TaskInputFilePropertyBuilderInternal
instanceKlass org/gradle/api/internal/tasks/TaskFilePropertyBuilderInternal
instanceKlass org/gradle/api/internal/tasks/DefaultTaskInputs$1
instanceKlass org/gradle/api/internal/file/CompositeFileTree$$Lambda$447
instanceKlass com/android/build/gradle/tasks/JavaCompileCreationAction$configure$sourcesToCompile$1
instanceKlass com/android/build/gradle/tasks/JavaCompileUtils
instanceKlass org/gradle/api/internal/AbstractTask$10
instanceKlass org/gradle/api/plugins/JavaBasePlugin$7$2
instanceKlass org/gradle/api/plugins/JavaBasePlugin$7$1
instanceKlass org/gradle/internal/extensibility/ConventionAwareHelper$MappedPropertyImpl
instanceKlass org/gradle/api/internal/ConventionMapping$MappedProperty
instanceKlass org/gradle/api/internal/tasks/DefaultTaskOutputs$3
instanceKlass java/util/stream/Collectors$$Lambda$446
instanceKlass java/util/stream/Collectors$$Lambda$445
instanceKlass java/util/stream/Collectors$$Lambda$444
instanceKlass java/lang/invoke/LambdaForm$DMH
instanceKlass org/gradle/api/internal/project/taskfactory/DefaultTaskClassInfoStore$$Lambda$443
instanceKlass org/gradle/api/internal/tasks/execution/SelfDescribingSpec
instanceKlass org/gradle/api/internal/tasks/DefaultTaskOutputs$4
instanceKlass org/gradle/api/internal/lambdas/SerializableLambdas
instanceKlass org/gradle/api/internal/tasks/compile/CompilerForkUtils$$Lambda$442
instanceKlass org/gradle/api/internal/lambdas/SerializableLambdas$SerializableSpec
instanceKlass org/gradle/api/internal/tasks/compile/CompilerForkUtils
instanceKlass org/gradle/api/tasks/compile/JavaCompile$$Lambda$441
instanceKlass org/gradle/api/tasks/compile/AbstractCompile$BackwardCompatibilityOutputDirectoryConvention
instanceKlass org/gradle/api/internal/tasks/compile/incremental/recomp/AbstractRecompilationSpecProvider
instanceKlass org/gradle/api/tasks/compile/AbstractOptions
instanceKlass org/gradle/api/internal/tasks/compile/CleaningJavaCompiler
instanceKlass org/gradle/api/internal/tasks/compile/DefaultJvmLanguageCompileSpec
instanceKlass org/gradle/api/tasks/incremental/IncrementalTaskInputs
instanceKlass org/gradle/language/base/internal/compile/Compiler
instanceKlass org/gradle/api/internal/tasks/compile/JavaCompileSpec
instanceKlass org/gradle/api/internal/tasks/compile/JvmLanguageCompileSpec
instanceKlass org/gradle/language/base/internal/compile/CompileSpec
instanceKlass org/gradle/api/internal/tasks/compile/incremental/recomp/SourceFileClassNameConverter
instanceKlass org/gradle/api/internal/tasks/compile/incremental/recomp/RecompilationSpecProvider
instanceKlass org/gradle/api/internal/tasks/DefaultTaskContainer$TaskCreatingProvider$1
instanceKlass org/jetbrains/kotlin/gradle/utils/GradleConfigurationUtilsKt
instanceKlass org/jetbrains/kotlin/gradle/plugin/KotlinTarget$DefaultImpls
instanceKlass org/jetbrains/kotlin/gradle/plugin/ProjectLocalConfigurationsKt
instanceKlass org/jetbrains/kotlin/gradle/plugin/mpp/KotlinCompilationsKt
instanceKlass org/jetbrains/kotlin/gradle/plugin/AbstractKotlinTargetConfigurator$Companion
instanceKlass org/jetbrains/kotlin/gradle/plugin/AbstractKotlinTargetConfigurator
instanceKlass org/jetbrains/kotlin/gradle/plugin/KotlinTargetConfigurator
instanceKlass org/jetbrains/kotlin/gradle/plugin/Android25ProjectHandlerKt
instanceKlass org/gradle/model/Managed
instanceKlass com/android/build/gradle/internal/ide/FilterDataImpl
instanceKlass com/android/build/gradle/internal/scope/GradleAwareFilterData
instanceKlass com/android/build/FilterData
instanceKlass com/android/build/api/variant/FilterConfiguration
instanceKlass com/android/build/gradle/internal/ApiObjectFactory$$Lambda$440
instanceKlass com/android/build/gradle/internal/api/BaseVariantOutputImpl
instanceKlass com/android/build/gradle/api/ApkVariantOutput
instanceKlass com/android/build/gradle/internal/dsl/VariantOutputFactory
instanceKlass com/android/build/gradle/internal/api/BaseVariantImpl
instanceKlass com/android/build/gradle/internal/ApiObjectFactory
instanceKlass com/android/build/gradle/internal/dependency/DexingOutputSplitTransformKt$registerTransformWithOutputType$1$1
instanceKlass com/android/build/gradle/internal/dependency/DexingOutputSplitTransform$Parameters_Decorated
instanceKlass com/android/build/gradle/internal/dependency/DexingOutputSplitTransform$Parameters
instanceKlass com/android/build/gradle/internal/dependency/DexingOutputSplitTransformKt$registerTransformWithOutputType$1
instanceKlass com/android/build/gradle/internal/dependency/DexingOutputSplitTransform
instanceKlass com/android/build/gradle/internal/dependency/DexingOutputSplitTransformKt
instanceKlass com/android/build/gradle/internal/DependencyConfigurator$configureVariantTransforms$2
instanceKlass com/android/build/gradle/internal/dependency/EnumerateClassesTransform
instanceKlass com/android/builder/files/SerializableFileChanges
instanceKlass com/android/builder/dexing/DependencyGraphUpdater
instanceKlass com/android/build/gradle/internal/dependency/DexingArtifactConfiguration$registerTransform$1$1
instanceKlass com/android/build/gradle/internal/dependency/BaseDexingTransform$Parameters_Decorated
instanceKlass com/android/build/gradle/internal/dependency/BaseDexingTransform$Parameters
instanceKlass com/android/build/gradle/internal/dependency/DexingArtifactConfiguration$registerTransform$1
instanceKlass com/android/build/gradle/internal/dependency/BaseDexingTransform
instanceKlass com/android/build/gradle/internal/utils/DesugarLibUtils$getDesugarLibConfigFromTransform$1$1
instanceKlass com/android/build/gradle/internal/utils/DesugarLibUtils$getDesugarLibConfigFromTransform$1
instanceKlass com/android/build/gradle/internal/utils/DesugarConfigJson$Parameters_Decorated
instanceKlass com/android/build/gradle/internal/utils/DesugarConfigJson$Parameters
instanceKlass com/android/build/gradle/internal/utils/DesugarLibUtils$getDesugarLibConfig$1
instanceKlass com/android/build/gradle/internal/utils/DesugarConfigJson
instanceKlass com/android/build/gradle/internal/utils/DesugarLibUtils$registerDesugarLibConfigTransform$1
instanceKlass com/android/build/gradle/internal/utils/DesugarLibConfigExtractor
instanceKlass com/android/build/gradle/internal/utils/DesugarLibUtils
instanceKlass com/android/build/gradle/internal/scope/GlobalScope$$Lambda$439
instanceKlass com/android/build/gradle/internal/dependency/DexingArtifactConfiguration
instanceKlass com/android/build/gradle/internal/dependency/DexingTransformKt
instanceKlass com/android/build/gradle/internal/dependency/ModelArtifactCompatibilityRule$Companion$setUp$1
instanceKlass com/android/build/gradle/internal/dependency/ModelArtifactCompatibilityRule$Companion
instanceKlass com/android/build/gradle/internal/dependency/ModelArtifactCompatibilityRule
instanceKlass com/android/build/gradle/internal/DependencyConfigurator$configureGeneralTransforms$23
instanceKlass com/android/build/gradle/internal/DependencyConfigurator$configureGeneralTransforms$22
instanceKlass com/android/build/gradle/internal/dependency/LibraryDependencySourcesTransform
instanceKlass com/android/build/gradle/internal/DependencyConfigurator$configureGeneralTransforms$21
instanceKlass com/android/build/gradle/internal/DependencyConfigurator$configureGeneralTransforms$20
instanceKlass com/android/build/gradle/internal/dependency/ClassesDirToClassesTransform
instanceKlass com/android/build/gradle/internal/DependencyConfigurator$configureGeneralTransforms$19
instanceKlass com/android/build/gradle/internal/DependencyConfigurator$configureGeneralTransforms$18
instanceKlass com/android/build/gradle/internal/DependencyConfigurator$configureGeneralTransforms$14
instanceKlass com/android/build/gradle/internal/dependency/LibrarySymbolTableTransform
instanceKlass com/android/build/gradle/internal/dependency/ExtractProGuardRulesTransform$Companion
instanceKlass com/android/build/gradle/internal/DependencyConfigurator$configureGeneralTransforms$13
instanceKlass com/android/build/gradle/internal/dependency/ExtractProGuardRulesTransform
instanceKlass com/android/build/gradle/internal/DependencyConfigurator$configureGeneralTransforms$12$1
instanceKlass com/android/build/gradle/internal/DependencyConfigurator$configureGeneralTransforms$12
instanceKlass org/gradle/api/internal/tasks/properties/FileParameterUtils$2
instanceKlass java/util/stream/ForEachOps$ForEachOp
instanceKlass java/util/stream/ForEachOps
instanceKlass org/gradle/internal/reflect/annotations/impl/DefaultTypeAnnotationMetadataStore$$Lambda$438
instanceKlass org/gradle/internal/reflect/annotations/impl/DefaultTypeAnnotationMetadataStore$$Lambda$437
instanceKlass com/android/build/gradle/internal/dependency/AarToClassTransform$Companion
instanceKlass com/android/build/gradle/internal/DependencyConfigurator$configureGeneralTransforms$11$1
instanceKlass com/android/build/gradle/internal/dependency/AarToClassTransform$Params_Decorated
instanceKlass com/android/build/gradle/internal/dependency/AarToClassTransform$Params
instanceKlass com/android/build/gradle/internal/DependencyConfigurator$configureGeneralTransforms$11
instanceKlass com/android/build/gradle/internal/dependency/AarToClassTransform
instanceKlass com/android/build/gradle/internal/utils/HasConfigurableValuesKt
instanceKlass com/android/build/gradle/internal/DependencyConfigurator$configureGeneralTransforms$10$1
instanceKlass com/android/build/gradle/internal/dependency/AarResourcesCompilerTransform$Parameters_Decorated
instanceKlass com/android/build/gradle/internal/dependency/AarResourcesCompilerTransform$Parameters
instanceKlass com/android/build/gradle/internal/DependencyConfigurator$configureGeneralTransforms$10
instanceKlass com/android/build/gradle/internal/dependency/AarResourcesCompilerTransform
instanceKlass com/android/build/gradle/internal/dependency/AarTransform$Parameters_Decorated
instanceKlass com/android/build/gradle/internal/dependency/AarTransform$Parameters
instanceKlass com/android/build/gradle/internal/DependencyConfigurator$configureGeneralTransforms$9
instanceKlass com/android/build/gradle/internal/dependency/AarTransform
instanceKlass com/android/build/gradle/internal/DependencyConfigurator$configureGeneralTransforms$8
instanceKlass com/android/build/gradle/internal/dependency/PlatformAttrTransform
instanceKlass com/android/build/gradle/internal/DependencyConfigurator$configureGeneralTransforms$7
instanceKlass com/android/build/gradle/internal/dependency/MockableJarTransform$Parameters_Decorated
instanceKlass com/android/build/gradle/internal/dependency/MockableJarTransform$Parameters
instanceKlass com/android/build/gradle/internal/DependencyConfigurator$configureGeneralTransforms$6
instanceKlass com/android/build/gradle/internal/dependency/MockableJarTransform
instanceKlass com/android/build/gradle/internal/DependencyConfigurator$configureGeneralTransforms$5
instanceKlass com/android/build/gradle/internal/dependency/ExtractAarTransform
instanceKlass com/android/build/gradle/internal/DependencyConfigurator$configureGeneralTransforms$4
instanceKlass com/android/build/gradle/internal/DependencyConfigurator$configureGeneralTransforms$3
instanceKlass com/android/build/gradle/internal/dependency/IdentityTransform
instanceKlass com/android/build/gradle/internal/DependencyConfigurator$Companion
instanceKlass com/android/build/gradle/internal/DependencyConfigurator
instanceKlass com/android/build/gradle/internal/TaskManager$$Lambda$436
instanceKlass com/android/build/gradle/internal/TaskManager$$Lambda$435
instanceKlass com/android/build/gradle/internal/TaskManager$$Lambda$434
instanceKlass com/android/build/gradle/internal/TaskManager$$Lambda$433
instanceKlass com/android/build/gradle/internal/TaskManager$$Lambda$432
instanceKlass org/gradle/api/reporting/ConfigurableReport
instanceKlass org/gradle/api/reporting/Report
instanceKlass com/android/build/gradle/internal/TaskManager$$Lambda$431
instanceKlass com/android/build/gradle/internal/tasks/DeviceProviderInstrumentTestTask$CreationAction$$Lambda$430
instanceKlass com/android/build/gradle/internal/tasks/DeviceProviderInstrumentTestTask$CreationAction$$Lambda$429
instanceKlass com/android/ide/common/process/JavaProcessExecutor
instanceKlass com/android/ide/common/workers/ExecutorServiceAdapter
instanceKlass com/android/ide/common/workers/WorkerExecutorFacade
instanceKlass com/android/build/gradle/internal/tasks/AndroidTestTask
instanceKlass com/android/utils/concurrency/ReadWriteThreadLock$$Lambda$428
instanceKlass com/android/utils/JvmWideVariable$$Lambda$427
instanceKlass com/android/utils/JvmWideVariable$$Lambda$426
instanceKlass com/android/utils/JvmWideVariable$$Lambda$425
instanceKlass com/android/utils/JvmWideVariable$$Lambda$424
instanceKlass com/google/common/reflect/Types$ClassOwnership$1LocalClass
instanceKlass com/google/common/reflect/Types$ParameterizedTypeImpl
instanceKlass com/google/common/reflect/Reflection
instanceKlass com/google/common/reflect/Types$TypeVariableInvocationHandler
instanceKlass com/google/common/reflect/Types$TypeVariableImpl
instanceKlass com/google/common/reflect/Types$1
instanceKlass com/google/common/reflect/Types
instanceKlass com/google/common/reflect/Types$NativeTypeVariableEquals
instanceKlass com/google/common/reflect/TypeResolver$TypeVariableKey
instanceKlass com/google/common/reflect/TypeResolver$TypeTable
instanceKlass com/google/common/reflect/TypeResolver
instanceKlass com/google/common/base/Verify
instanceKlass sun/reflect/misc/Trampoline
instanceKlass sun/reflect/misc/MethodUtil$1
instanceKlass com/android/utils/JvmWideVariable$ValueWrapper
instanceKlass com/android/utils/JvmWideVariable$ValueWrapperMBean
instanceKlass java/util/stream/Collectors$$Lambda$423
instanceKlass java/util/stream/Collectors$$Lambda$422
instanceKlass java/util/stream/Collectors$$Lambda$421
instanceKlass java/util/stream/Collectors$$Lambda$420
instanceKlass java/util/StringJoiner
instanceKlass com/android/utils/JvmWideVariable$$Lambda$419
instanceKlass com/android/utils/JvmWideVariable
instanceKlass com/android/utils/concurrency/ReadWriteThreadLock$$Lambda$418
instanceKlass com/google/common/reflect/TypeCapture
instanceKlass com/android/utils/concurrency/ReadWriteThreadLock$WriteLock
instanceKlass com/android/utils/concurrency/ReadWriteThreadLock$ReadLock
instanceKlass com/android/utils/concurrency/ReadWriteThreadLock$Lock
instanceKlass com/android/utils/concurrency/ReadWriteThreadLock
instanceKlass com/android/build/gradle/internal/testing/ConnectedDeviceProvider$$Lambda$417
instanceKlass com/android/build/gradle/internal/TaskManager$$Lambda$416
instanceKlass com/android/ddmlib/Log$ILogOutput
instanceKlass com/android/build/gradle/internal/testing/TestRunner
instanceKlass com/android/build/gradle/internal/TaskManager$$Lambda$415
instanceKlass org/gradle/api/internal/tasks/DefaultTaskDependency$TaskDependencySet
instanceKlass com/android/build/gradle/internal/dependency/SubtractingArtifactCollection$SubtractingArtifactResult$initFileCollection$1
instanceKlass com/android/build/gradle/internal/dependency/SubtractingArtifactCollection$SubtractingArtifactResult
instanceKlass com/android/build/gradle/internal/dependency/SubtractingArtifactCollection
instanceKlass com/android/build/gradle/internal/AbstractAppTaskManager$$Lambda$414
instanceKlass org/gradle/internal/Actions$FilteredAction
instanceKlass java/lang/reflect/WeakCache$LookupValue
instanceKlass com/android/build/gradle/internal/TaskManager$$Lambda$413
instanceKlass com/android/build/gradle/internal/TaskManager$$Lambda$412
instanceKlass com/android/build/gradle/internal/TaskManager$$Lambda$411
instanceKlass org/gradle/api/internal/java/usagecontext/ConfigurationVariantDetailsInternal
instanceKlass org/gradle/api/component/ConfigurationVariantDetails
instanceKlass org/gradle/api/internal/java/usagecontext/ConfigurationVariantMapping
instanceKlass com/android/build/gradle/internal/tasks/ApplicationTaskManager$createSoftwareComponent$1
instanceKlass org/gradle/api/plugins/internal/DefaultAdhocSoftwareComponent
instanceKlass org/gradle/api/component/AdhocComponentWithVariants
instanceKlass com/android/build/gradle/internal/tasks/factory/TaskFactoryUtils$dependsOn$7
instanceKlass com/android/build/gradle/internal/TaskManager$$Lambda$410
instanceKlass com/android/build/gradle/internal/TaskManager$$Lambda$409
instanceKlass com/android/build/gradle/internal/tasks/factory/TaskFactoryUtils$dependsOn$$inlined$letIfPresent$lambda$1
instanceKlass com/android/build/gradle/internal/TaskManager$$Lambda$408
instanceKlass com/android/build/gradle/internal/TaskManager$$Lambda$407
instanceKlass org/gradle/api/internal/provider/AbstractCollectionProperty$PlusCollector
instanceKlass com/android/build/api/artifact/impl/OperationRequestsImplKt$toAppend$2
instanceKlass com/android/build/api/artifact/impl/OperationRequestsImplKt$toAppend$1
instanceKlass org/gradle/api/internal/provider/Collectors$ElementsFromCollectionProvider
instanceKlass org/gradle/api/internal/provider/AbstractCollectionProperty$CollectingSupplier
instanceKlass org/gradle/api/internal/provider/ValidatingValueCollector
instanceKlass org/gradle/api/internal/provider/AbstractCollectionProperty$EmptySupplier
instanceKlass org/gradle/api/internal/provider/DefaultListProperty$1
instanceKlass org/gradle/api/internal/provider/AbstractCollectionProperty$NoValueSupplier
instanceKlass org/gradle/api/internal/provider/CollectionSupplier
instanceKlass com/android/build/api/artifact/impl/MultiplePropertyAdapter
instanceKlass com/android/build/api/artifact/impl/OperationRequestsImplKt
instanceKlass com/android/build/api/artifact/impl/OutOperationRequestImpl
instanceKlass com/android/build/api/artifact/OutOperationRequest
instanceKlass com/android/build/gradle/internal/tasks/DexMergingTask$CreationAction$WhenMappings
instanceKlass com/android/build/gradle/internal/tasks/DexArchiveBuilderTask$CreationAction$7
instanceKlass com/android/build/gradle/internal/tasks/DexArchiveBuilderTask$CreationAction$1
instanceKlass com/android/build/gradle/internal/tasks/DexArchiveBuilderTask$CreationAction$classesFilter$1
instanceKlass com/android/build/gradle/internal/pipeline/StreamFilter
instanceKlass com/android/build/gradle/tasks/JavaCompileKt
instanceKlass com/android/build/gradle/tasks/JavaPreCompileTask$CreationAction$$Lambda$406
instanceKlass kotlin/Triple
instanceKlass com/android/build/gradle/internal/cxx/configure/CmakeLocator
instanceKlass com/android/build/gradle/internal/cxx/model/TryCreateCxxModuleModelKt
instanceKlass com/android/build/gradle/internal/res/LinkApplicationAndroidResourcesTask$Companion
instanceKlass com/android/build/gradle/tasks/ShaderCompile$CreationAction$$Lambda$405
instanceKlass com/android/ide/common/process/ProcessExecutor
instanceKlass com/android/ide/common/process/ProcessOutputHandler
instanceKlass com/android/build/gradle/internal/TaskManager$$Lambda$404
instanceKlass com/android/build/gradle/tasks/MergeResources$CreationAction$$Lambda$403
instanceKlass com/android/build/gradle/tasks/MergeResources$CreationAction$$Lambda$402
instanceKlass com/android/ide/common/resources/DataSet
instanceKlass com/android/ide/common/resources/DataMap
instanceKlass com/android/ide/common/resources/SourceSet
instanceKlass com/android/ide/common/resources/SingleFileProcessor
instanceKlass android/databinding/tool/LayoutXmlProcessor$OriginalFileLookup
instanceKlass com/android/ide/common/resources/MergeConsumer
instanceKlass com/android/ide/common/resources/ResourceCompilationService
instanceKlass com/android/ide/common/resources/ResourcePreprocessor
instanceKlass com/android/build/api/artifact/impl/ArtifactTransformationRequestImpl
instanceKlass com/android/build/api/artifact/ArtifactTransformationRequest
instanceKlass com/android/build/api/artifact/impl/InAndOutDirectoryOperationRequestImpl$Companion$initializeInput$1
instanceKlass com/android/build/api/artifact/impl/InAndOutDirectoryOperationRequestImpl$Companion
instanceKlass com/android/build/api/artifact/impl/InAndOutDirectoryOperationRequestImpl
instanceKlass com/android/build/api/artifact/InAndOutDirectoryOperationRequest
instanceKlass com/android/build/api/artifact/impl/TaskBasedOperationImpl
instanceKlass com/android/build/api/artifact/TaskBasedOperation
instanceKlass org/gradle/api/internal/resources/FileCollectionBackedTextResource
instanceKlass com/android/build/gradle/internal/TaskManager$$Lambda$401
instanceKlass com/android/build/gradle/internal/dependency/ProvidedClasspathSubtractor$getFileCollection$1
instanceKlass com/android/build/gradle/internal/dependency/ProvidedClasspathSubtractor
instanceKlass com/android/build/gradle/internal/dependency/ProvidedClasspath
instanceKlass com/android/build/gradle/internal/dependency/VariantDependencies$$Lambda$400
instanceKlass com/android/build/gradle/internal/publishing/AndroidArtifacts
instanceKlass com/android/build/gradle/internal/dependency/VariantDependencies$$Lambda$399
instanceKlass com/android/build/gradle/internal/dependency/VariantDependencies$$Lambda$398
instanceKlass com/android/build/gradle/internal/dependency/VariantDependencies$$Lambda$397
instanceKlass com/android/build/gradle/internal/dependency/VariantDependencies$1
instanceKlass com/android/build/gradle/internal/pipeline/OriginalStream$Builder
instanceKlass com/android/build/api/transform/QualifiedContent
instanceKlass com/android/build/gradle/internal/pipeline/IncrementalTransformInput
instanceKlass com/android/build/api/transform/TransformInput
instanceKlass com/android/build/gradle/internal/tasks/factory/TaskFactoryUtils$dependsOn$1$1$1
instanceKlass com/android/build/gradle/internal/TaskManager$$Lambda$396
instanceKlass com/android/build/gradle/internal/TaskManager$$Lambda$395
instanceKlass com/android/build/gradle/internal/tasks/AppPreBuildTask$Companion
instanceKlass com/android/build/gradle/internal/TaskManager$$Lambda$394
instanceKlass com/android/build/gradle/internal/TaskManager$$Lambda$393
instanceKlass com/android/build/gradle/internal/TaskManager$$Lambda$392
instanceKlass com/android/build/gradle/internal/TaskManager$$Lambda$391
instanceKlass com/android/build/gradle/internal/TaskManager$$Lambda$390
instanceKlass com/android/build/gradle/internal/TaskManager$$Lambda$389
instanceKlass com/android/build/gradle/internal/TaskManager$$Lambda$388
instanceKlass com/android/build/gradle/internal/TaskManager$$Lambda$387
instanceKlass com/android/build/gradle/internal/TaskManager$$Lambda$386
instanceKlass com/android/build/gradle/internal/TaskManager$$Lambda$385
instanceKlass com/android/build/gradle/internal/TaskManager$$Lambda$384
instanceKlass com/android/build/gradle/internal/TaskManager$$Lambda$383
instanceKlass com/android/build/gradle/internal/TaskManager$$Lambda$382
instanceKlass com/android/build/api/artifact/impl/SingleInitialProviderRequestImpl$on$2
instanceKlass com/android/build/api/artifact/impl/SingleInitialProviderRequestImpl$on$1
instanceKlass com/android/build/api/artifact/impl/PropertyAdapter$DefaultImpls
instanceKlass com/android/build/api/artifact/impl/SinglePropertyAdapter
instanceKlass com/android/build/api/artifact/impl/PropertyAdapter
instanceKlass com/android/build/api/artifact/impl/ArtifactContainer
instanceKlass com/android/build/api/artifact/impl/SingleInitialProviderRequestImpl
instanceKlass com/android/build/gradle/internal/TaskManager$$Lambda$381
instanceKlass com/google/common/collect/CollectCollectors$$Lambda$380
instanceKlass com/google/common/collect/CollectCollectors$$Lambda$379
instanceKlass com/google/common/collect/CollectCollectors$$Lambda$378
instanceKlass com/google/common/collect/RangeGwtSerializationDependencies
instanceKlass com/google/common/collect/CollectCollectors$$Lambda$377
instanceKlass com/google/common/collect/SortedIterable
instanceKlass com/google/common/collect/ImmutableRangeSet$Builder
instanceKlass com/google/common/collect/AbstractRangeSet
instanceKlass com/google/common/collect/RangeSet
instanceKlass com/google/common/collect/CollectCollectors$$Lambda$376
instanceKlass com/google/common/collect/CollectCollectors$$Lambda$375
instanceKlass com/google/common/collect/CollectCollectors$$Lambda$374
instanceKlass com/google/common/collect/CollectCollectors$$Lambda$373
instanceKlass com/google/common/collect/CollectCollectors$$Lambda$372
instanceKlass com/google/common/collect/CollectCollectors$$Lambda$371
instanceKlass com/google/common/collect/CollectCollectors$$Lambda$370
instanceKlass com/google/common/collect/CollectCollectors$$Lambda$369
instanceKlass com/google/common/collect/CollectCollectors
instanceKlass com/android/build/gradle/internal/TaskManager$$Lambda$368
instanceKlass com/android/build/gradle/internal/VariantManager$$Lambda$367
instanceKlass com/android/build/gradle/internal/core/VariantDslInfoImpl$testLabel$1
instanceKlass com/android/build/gradle/internal/core/VariantDslInfoImpl$functionalTest$2
instanceKlass com/android/build/gradle/internal/core/VariantDslInfoImpl$handleProfiling$2
instanceKlass com/android/build/gradle/internal/core/VariantDslInfoImpl$instrumentationRunner$1
instanceKlass com/android/build/gradle/internal/core/VariantDslInfoImpl$packageName$2$1
instanceKlass com/android/build/gradle/internal/core/VariantDslInfoImpl$initApplicationId$1
instanceKlass com/android/build/gradle/internal/VariantManager$$Lambda$366
instanceKlass com/google/wireless/android/sdk/stats/GradleBuildVariant$Java8LangSupport$1
instanceKlass com/google/wireless/android/sdk/stats/TestRun$TestExecution$1
instanceKlass com/google/wireless/android/sdk/stats/GradleBuildVariant$DexMergerTool$1
instanceKlass com/google/wireless/android/sdk/stats/GradleBuildVariant$DexBuilderTool$1
instanceKlass com/android/build/gradle/internal/profile/AnalyticsUtil$1
instanceKlass com/google/wireless/android/sdk/stats/AnnotationProcessorInfoOrBuilder
instanceKlass com/google/wireless/android/sdk/stats/GradleBuildVariant$NativeBuildConfigInfoOrBuilder
instanceKlass com/google/wireless/android/sdk/stats/ApiVersionOrBuilder
instanceKlass com/android/build/gradle/internal/variant/ComponentInfo
instanceKlass com/android/build/gradle/internal/variant/ApplicationVariantFactory$restrictEnabledOutputs$1
instanceKlass com/android/ide/common/build/GenericBuiltArtifactsSplitOutputMatcher$computeBestArtifact$match$1
instanceKlass com/android/ide/common/build/GenericBuiltArtifactsSplitOutputMatcher
instanceKlass com/android/ide/common/build/GenericBuiltArtifact
instanceKlass com/android/ide/common/build/CommonBuiltArtifact
instanceKlass com/android/build/gradle/internal/core/VariantDslInfo$DefaultImpls
instanceKlass com/android/build/api/variant/impl/VariantOutputConfigurationImplKt$WhenMappings
instanceKlass com/android/build/api/variant/impl/VariantOutputConfigurationImplKt
instanceKlass com/android/build/gradle/internal/core/VariantDslInfoImpl$versionName$3
instanceKlass com/android/build/gradle/internal/core/VariantDslInfoImpl$versionCode$3
instanceKlass com/android/build/gradle/internal/variant/BaseVariantData$WhenMappings
instanceKlass com/android/build/gradle/internal/services/VariantPropertiesApiServices$DefaultImpls
instanceKlass com/android/build/gradle/internal/core/VariantDslInfoImpl$packageName$2$3
instanceKlass com/android/build/gradle/internal/manifest/ManifestData
instanceKlass com/android/build/gradle/internal/manifest/LazyManifestParser$manifestData$2$provider$1
instanceKlass com/android/build/api/variant/impl/ResValue
instanceKlass com/android/build/api/variant/impl/ResValue$Key
instanceKlass com/android/build/api/variant/BuildConfigField
instanceKlass com/android/build/api/component/impl/ComponentPropertiesImpl$Companion
instanceKlass com/android/build/api/variant/impl/VariantOutputImpl
instanceKlass com/android/build/api/variant/VariantOutput
instanceKlass com/android/build/api/variant/impl/VariantOutputConfigurationImpl
instanceKlass com/android/build/api/variant/VariantOutputConfiguration
instanceKlass com/android/build/api/variant/impl/VariantOutputList
instanceKlass com/android/build/gradle/internal/services/VariantApiServicesImpl$ValueImpl
instanceKlass com/android/build/gradle/internal/services/VariantApiServices$Value
instanceKlass com/android/build/api/variant/impl/MutableDependenciesInfoImpl
instanceKlass com/android/build/api/dsl/LibraryBuildFeatures
instanceKlass com/android/build/gradle/internal/scope/BuildFeatureValuesImpl
instanceKlass com/android/build/gradle/internal/scope/BuildFeatureValues
instanceKlass org/gradle/api/internal/resources/StringBackedTextResource
instanceKlass org/gradle/api/resources/internal/TextResourceInternal
instanceKlass com/android/build/gradle/internal/variant/BaseVariantData$Companion
instanceKlass com/android/build/gradle/internal/core/VariantDslInfoImpl$createPostProcessingOptions$1
instanceKlass com/android/build/gradle/internal/core/PostProcessingOptions
instanceKlass com/google/common/base/Suppliers$MemoizingSupplier
instanceKlass com/google/common/base/Suppliers$NonSerializableMemoizingSupplier
instanceKlass com/android/build/gradle/internal/scope/VariantScopeImpl$$Lambda$365
instanceKlass com/android/build/gradle/internal/publishing/VariantPublishingSpecImpl
instanceKlass com/android/build/gradle/internal/publishing/PublishingSpecs$VariantSpec
instanceKlass com/android/build/gradle/internal/publishing/PublishingSpecsKt
instanceKlass com/android/build/gradle/internal/publishing/OutputSpecImpl
instanceKlass com/android/build/gradle/internal/publishing/PublishingSpecs$OutputSpec
instanceKlass com/android/build/gradle/internal/publishing/VariantSpecBuilderImpl
instanceKlass com/android/build/gradle/internal/publishing/PublishingSpecs$VariantSpecBuilder
instanceKlass com/android/build/gradle/internal/publishing/PublishingSpecs$Companion
instanceKlass com/android/build/gradle/internal/publishing/PublishingSpecs
instanceKlass com/android/build/gradle/internal/scope/VariantScopeImpl
instanceKlass com/android/build/api/variant/VariantInfo
instanceKlass com/android/build/gradle/internal/pipeline/FilterableStreamCollection
instanceKlass com/android/build/gradle/internal/scope/MutableTaskContainer
instanceKlass com/android/build/gradle/internal/scope/TaskContainer
instanceKlass com/android/build/gradle/internal/variant/VariantPathHelper
instanceKlass java/util/EnumMap$EntryIterator$Entry
instanceKlass java/util/EnumMap$EnumMapIterator
instanceKlass com/android/build/gradle/internal/dependency/VariantDependencies
instanceKlass com/android/build/api/attributes/VariantAttr$Impl
instanceKlass com/android/build/api/attributes/VariantAttr$Companion
instanceKlass com/android/build/api/attributes/VariantAttr
instanceKlass com/android/build/gradle/internal/dependency/AndroidXDependencyCheck
instanceKlass com/android/build/gradle/internal/dependency/ConstraintHandler
instanceKlass com/android/build/api/attributes/BuildTypeAttr$Impl
instanceKlass org/apache/commons/lang/WordUtils
instanceKlass com/android/build/api/attributes/BuildTypeAttr$Companion
instanceKlass com/android/build/api/attributes/BuildTypeAttr
instanceKlass com/android/build/gradle/internal/VariantManager$$Lambda$364
instanceKlass com/android/build/api/attributes/ProductFlavorAttr
instanceKlass com/android/build/gradle/internal/VariantManager$$Lambda$363
instanceKlass com/android/build/gradle/internal/dependency/VariantDependenciesBuilder
instanceKlass com/android/build/gradle/internal/core/VariantSources
instanceKlass kotlin/jvm/internal/TypeIntrinsics
instanceKlass com/android/build/gradle/internal/core/MergedFlavor$Companion
instanceKlass com/android/build/gradle/internal/core/InternalBaseVariant$MergedFlavor
instanceKlass com/android/build/api/variant/impl/DelayedActionExecutor
instanceKlass com/android/build/gradle/internal/core/VariantDslInfoImpl$initApplicationId$4
instanceKlass com/android/build/gradle/internal/core/MergedAarMetadata
instanceKlass com/android/build/gradle/internal/core/MergedJavaCompileOptions
instanceKlass com/android/build/gradle/internal/core/MergedExternalNativeCmakeOptions
instanceKlass com/android/build/gradle/internal/core/MergedExternalNativeNdkBuildOptions
instanceKlass com/android/build/gradle/internal/core/MergedExternalNativeBuildOptions
instanceKlass com/android/build/gradle/internal/core/MergedNdkConfig
instanceKlass com/android/build/gradle/internal/core/MergedOptions
instanceKlass com/android/build/gradle/internal/utils/GuavaKtxKt
instanceKlass com/android/build/api/component/impl/ComponentIdentityImpl
instanceKlass com/android/build/gradle/internal/core/VariantDslInfoImpl$Companion
instanceKlass com/android/build/gradle/internal/core/VariantDslInfoImpl
instanceKlass java/lang/invoke/LambdaForm$MH
instanceKlass java/lang/invoke/LambdaForm$DMH
instanceKlass com/android/build/gradle/internal/VariantManager$$Lambda$362
instanceKlass com/android/build/gradle/internal/manifest/LazyManifestParser
instanceKlass com/android/build/gradle/internal/VariantManager$$Lambda$361
instanceKlass com/android/build/gradle/internal/VariantManager$$Lambda$360
instanceKlass com/android/build/gradle/internal/VariantManager$$Lambda$359
instanceKlass com/android/build/gradle/internal/variant/DimensionCombinationImpl
instanceKlass com/android/build/gradle/internal/variant/DimensionCombination
instanceKlass com/android/build/gradle/internal/variant/DimensionCombinator$Companion
instanceKlass com/android/build/gradle/internal/variant/DimensionCombinator
instanceKlass org/gradle/api/internal/plugins/DefaultPluginContainer$1
instanceKlass com/google/wireless/android/sdk/stats/GradleBuildSplits$2
instanceKlass com/google/wireless/android/sdk/stats/GradleBuildSplits$1
instanceKlass org/gradle/api/plugins/JavaPlugin
instanceKlass com/android/sdklib/AndroidVersion
instanceKlass com/android/sdklib/AndroidTargetHash
instanceKlass com/android/build/gradle/tasks/factory/AbstractCompilesUtil
instanceKlass com/android/build/gradle/internal/plugins/BasePlugin$$Lambda$358
instanceKlass org/gradle/configuration/internal/ExecuteListenerBuildOperationType$1
instanceKlass org/gradle/configuration/internal/ExecuteListenerBuildOperationType$Result
instanceKlass org/gradle/configuration/internal/ExecuteListenerBuildOperationType
instanceKlass org/gradle/api/internal/artifacts/ivyservice/ShortCircuitEmptyConfigurationResolver$EmptyResolvedConfiguration
instanceKlass org/gradle/api/internal/artifacts/ivyservice/ShortCircuitEmptyConfigurationResolver$EmptyResults
instanceKlass org/gradle/api/internal/artifacts/ivyservice/resolveengine/result/DefaultResolutionResultBuilder$RootFactory
instanceKlass org/gradle/api/internal/artifacts/result/DefaultResolvedComponentResult
instanceKlass org/gradle/api/internal/artifacts/result/ResolvedComponentResultInternal
instanceKlass org/gradle/api/internal/artifacts/ivyservice/resolveengine/result/DetachedComponentResult
instanceKlass org/gradle/api/internal/artifacts/ivyservice/resolveengine/result/CachingDependencyResultFactory
instanceKlass org/gradle/api/artifacts/result/DependencyResult
instanceKlass org/gradle/api/artifacts/result/ResolvedComponentResult
instanceKlass org/gradle/api/artifacts/result/ComponentResult
instanceKlass org/gradle/api/internal/artifacts/ivyservice/resolveengine/result/DefaultResolutionResultBuilder
instanceKlass org/gradle/api/internal/artifacts/configurations/DefaultConfiguration$ConfigurationResolvableDependencies$LenientResolutionResult
instanceKlass org/gradle/configuration/internal/DefaultListenerBuildOperationDecorator$BuildOperationEmittingAction$1$$Lambda$357
instanceKlass org/gradle/configuration/internal/ExecuteListenerBuildOperationType$DetailsImpl
instanceKlass org/gradle/configuration/internal/DefaultListenerBuildOperationDecorator$Operation
instanceKlass org/gradle/api/internal/artifacts/dependencies/ProjectDependencyInternal
instanceKlass org/jetbrains/kotlin/config/LanguageVersionSettings
instanceKlass org/jetbrains/kotlin/utils/DescriptionAware
instanceKlass org/jetbrains/kotlin/cli/common/messages/MessageCollector
instanceKlass org/jetbrains/kotlin/cli/common/arguments/ArgumentParseErrors
instanceKlass org/jetbrains/kotlin/cli/common/arguments/Freezable
instanceKlass com/android/builder/core/DefaultApiVersion
instanceKlass com/android/build/api/variant/AaptOptions
instanceKlass com/android/build/gradle/internal/tasks/VariantAwareTask
instanceKlass org/jetbrains/kotlin/gradle/model/builder/KotlinAndroidExtensionModelBuilder
instanceKlass org/jetbrains/kotlin/gradle/internal/AndroidExtensionsSubpluginIndicator$addAndroidExtensionsRuntime$1
instanceKlass kotlin/sequences/FilteringSequence$iterator$1
instanceKlass kotlin/sequences/FilteringSequence
instanceKlass org/jetbrains/kotlin/gradle/internal/AndroidExtensionsFeature$Companion
instanceKlass org/jetbrains/kotlin/gradle/internal/AndroidExtensionsExtension
instanceKlass org/jetbrains/kotlin/gradle/targets/js/npm/NpmDependency
instanceKlass org/gradle/api/artifacts/FileCollectionDependency
instanceKlass org/gradle/api/internal/artifacts/dependencies/SelfResolvingDependencyInternal
instanceKlass org/jetbrains/kotlin/gradle/targets/js/npm/NpmDependencyExtension
instanceKlass org/jetbrains/kotlin/gradle/targets/js/npm/NpmDependencyExtensionKt
instanceKlass org/jetbrains/kotlin/gradle/model/builder/KotlinModelBuilder$Companion
instanceKlass org/jetbrains/kotlin/gradle/model/builder/KotlinModelBuilder
instanceKlass org/jetbrains/kotlin/gradle/plugin/KotlinPluginKt$configureDefaultVersionsResolutionStrategy$1$2
instanceKlass org/jetbrains/kotlin/gradle/plugin/KotlinPluginKt$configureDefaultVersionsResolutionStrategy$1
instanceKlass org/jetbrains/kotlin/gradle/plugin/mpp/KotlinMultiplatformPluginKt
instanceKlass org/jetbrains/kotlin/gradle/plugin/Android25ProjectHandlerKt$sam$org_gradle_api_Action$0
instanceKlass org/jetbrains/kotlin/gradle/plugin/KotlinMultiplatformPluginKt$whenEvaluated$1
instanceKlass org/jetbrains/kotlin/gradle/plugin/KotlinMultiplatformPluginKt
instanceKlass org/jetbrains/kotlin/gradle/dsl/KotlinJvmOptionsBase
instanceKlass org/jetbrains/kotlin/gradle/dsl/KotlinJvmOptions
instanceKlass org/jetbrains/kotlin/gradle/dsl/KotlinCommonOptions
instanceKlass org/jetbrains/kotlin/gradle/dsl/KotlinCommonToolOptions
instanceKlass org/jetbrains/kotlin/gradle/plugin/KotlinPluginKt$ifKaptEnabled$3
instanceKlass org/jetbrains/kotlin/gradle/internal/Kapt3GradleSubplugin$Companion
instanceKlass org/jetbrains/kotlin/gradle/internal/Kapt3GradleSubplugin
instanceKlass org/gradle/api/internal/plugins/DefaultPluginManager$3
instanceKlass org/jetbrains/kotlin/gradle/plugin/KotlinPluginKt$ifKaptEnabled$2
instanceKlass kotlin/jvm/internal/Ref$BooleanRef
instanceKlass org/gradle/api/internal/file/collections/ListBackedFileSet
instanceKlass org/gradle/api/internal/file/collections/UnpackingVisitor
instanceKlass org/gradle/api/internal/file/collections/DefaultFileCollectionResolveContext$FileTreeConverter
instanceKlass org/gradle/api/internal/file/collections/DefaultFileCollectionResolveContext$FileCollectionConverter
instanceKlass org/gradle/api/internal/file/collections/DefaultFileCollectionResolveContext$Converter
instanceKlass org/gradle/api/internal/file/collections/DefaultFileCollectionResolveContext
instanceKlass org/gradle/api/internal/file/collections/ResolvableFileCollectionResolveContext
instanceKlass org/jetbrains/kotlin/gradle/plugin/KotlinTargetConfiguratorKt
instanceKlass org/gradle/internal/snapshot/impl/EnumValueSnapshot
instanceKlass org/jetbrains/kotlin/gradle/plugin/HasKotlinDependencies$DefaultImpls
instanceKlass org/jetbrains/kotlin/gradle/plugin/KotlinSourceSet$DefaultImpls
instanceKlass kotlin/InitializedLazyImpl
instanceKlass org/jetbrains/kotlin/gradle/plugin/sources/DefaultLanguageSettingsBuilder
instanceKlass org/jetbrains/kotlin/gradle/plugin/LanguageSettingsBuilder
instanceKlass org/gradle/api/internal/file/DefaultSourceDirectorySet$SourceDirectories
instanceKlass kotlin/text/MatchGroup
instanceKlass kotlin/collections/IntIterator
instanceKlass kotlin/collections/CollectionsKt___CollectionsKt$asSequence$$inlined$Sequence$1
instanceKlass kotlin/collections/AbstractCollection
instanceKlass kotlin/text/MatchNamedGroupCollection
instanceKlass kotlin/text/MatchGroupCollection
instanceKlass kotlin/text/MatcherMatchResult
instanceKlass kotlin/text/MatchResult
instanceKlass kotlin/text/RegexKt
instanceKlass org/jetbrains/kotlin/gradle/utils/ParsedGradleVersion$Companion
instanceKlass org/jetbrains/kotlin/gradle/utils/ParsedGradleVersion
instanceKlass org/jetbrains/kotlin/gradle/utils/ParsedGradleVersionKt
instanceKlass org/jetbrains/kotlin/gradle/plugin/sources/DefaultKotlinSourceSetKt
instanceKlass org/jetbrains/kotlin/gradle/plugin/sources/DefaultKotlinSourceSet
instanceKlass org/jetbrains/kotlin/gradle/utils/StringUtilsKt
instanceKlass org/jetbrains/kotlin/gradle/plugin/AbstractAndroidProjectHandler$configureTarget$1
instanceKlass org/jetbrains/kotlin/gradle/plugin/AbstractAndroidProjectHandler
instanceKlass org/jetbrains/kotlin/gradle/plugin/KotlinConfigurationTools
instanceKlass org/jetbrains/kotlin/gradle/plugin/KotlinPluginKt
instanceKlass org/jetbrains/kotlin/gradle/tasks/KotlinTasksProvider
instanceKlass org/jetbrains/kotlin/gradle/plugin/mpp/AbstractKotlinCompilation
instanceKlass org/jetbrains/kotlin/gradle/plugin/KotlinCompilationToRunnableFiles
instanceKlass org/jetbrains/kotlin/gradle/plugin/KotlinCompilation
instanceKlass org/jetbrains/kotlin/gradle/plugin/mpp/KotlinJvmAndroidCompilationFactory
instanceKlass org/jetbrains/kotlin/gradle/plugin/mpp/KotlinCompilationFactory
instanceKlass org/jetbrains/kotlin/gradle/plugin/mpp/HierarchyAttributeContainer
instanceKlass org/jetbrains/kotlin/gradle/plugin/ProjectLocalConfigurations$ProjectLocalDisambiguation
instanceKlass org/jetbrains/kotlin/gradle/plugin/ProjectLocalConfigurations$ProjectLocalCompatibility
instanceKlass org/jetbrains/kotlin/gradle/plugin/ProjectLocalConfigurations$setupAttributesMatchingStrategy$1$1
instanceKlass org/jetbrains/kotlin/gradle/plugin/ProjectLocalConfigurations
instanceKlass org/jetbrains/kotlin/gradle/targets/metadata/KotlinMetadataTargetConfiguratorKt
instanceKlass org/jetbrains/kotlin/gradle/plugin/mpp/KotlinUsages$KotlinUsagesDisambiguation
instanceKlass org/jetbrains/kotlin/gradle/plugin/mpp/KotlinUsages$KotlinJavaRuntimeJarsCompatibility
instanceKlass org/jetbrains/kotlin/gradle/plugin/mpp/KotlinUsages$setupAttributesMatchingStrategy$1
instanceKlass org/jetbrains/kotlin/gradle/plugin/mpp/KotlinUsages
instanceKlass org/jetbrains/kotlin/gradle/plugin/KotlinPlatformType$DisambiguationRule
instanceKlass org/jetbrains/kotlin/gradle/plugin/KotlinPlatformType$CompatibilityRule
instanceKlass org/jetbrains/kotlin/gradle/plugin/KotlinPlatformType$Companion
instanceKlass org/jetbrains/kotlin/gradle/plugin/KotlinAndroidPlugin$Companion
instanceKlass org/jetbrains/kotlin/gradle/plugin/KotlinAndroidPlugin
instanceKlass org/jetbrains/kotlin/gradle/testing/internal/KotlinTestsRegistry$Companion
instanceKlass org/jetbrains/kotlin/gradle/plugin/sources/KotlinSourceSetFactory
instanceKlass org/jetbrains/kotlin/gradle/plugin/KotlinSourceSet
instanceKlass org/jetbrains/kotlin/gradle/plugin/HasKotlinDependencies
instanceKlass org/jetbrains/kotlin/gradle/dsl/ExperimentalExtension
instanceKlass org/jetbrains/kotlin/gradle/plugin/mpp/AbstractKotlinTarget
instanceKlass org/jetbrains/kotlin/gradle/plugin/KotlinTarget
instanceKlass org/jetbrains/kotlin/gradle/dsl/KotlinProjectExtensionKt
instanceKlass org/jetbrains/kotlin/gradle/dsl/KotlinProjectExtension
instanceKlass org/jetbrains/kotlin/gradle/plugin/KotlinSourceSetContainer
instanceKlass org/gradle/execution/taskgraph/DefaultTaskExecutionGraph$$Lambda$356
instanceKlass org/jetbrains/kotlin/gradle/plugin/KotlinGradleBuildServices$detectKotlinPluginLoadedInMultipleProjects$1
instanceKlass org/jetbrains/kotlin/gradle/plugin/PropertiesProvider$Companion
instanceKlass org/jetbrains/kotlin/gradle/plugin/PropertiesProvider
instanceKlass org/jetbrains/kotlin/gradle/report/KotlinBuildReporterKt
instanceKlass org/jetbrains/kotlin/gradle/plugin/internal/state/TaskExecutionResults
instanceKlass org/jetbrains/kotlin/gradle/plugin/internal/state/TaskLoggers
instanceKlass org/jetbrains/kotlin/gradle/plugin/KotlinGradleBuildServices$Companion
instanceKlass org/jetbrains/kotlin/cli/common/PropertiesKt
instanceKlass org/gradle/api/internal/artifacts/configurations/DefaultConfiguration$$Lambda$355
instanceKlass org/jetbrains/kotlin/gradle/plugin/KotlinBasePluginWrapper$apply$1
instanceKlass org/jetbrains/kotlin/gradle/utils/CompatibiltiyKt
instanceKlass kotlin/text/CharsKt__CharJVMKt
instanceKlass org/jetbrains/kotlin/statistics/AnonymizerUtilsKt
instanceKlass org/jetbrains/kotlin/statistics/metrics/OverrideMetricContainer
instanceKlass org/jetbrains/kotlin/statistics/metrics/IMetricContainer
instanceKlass org/jetbrains/kotlin/statistics/fileloggers/MetricsContainer$MetricDescriptor
instanceKlass org/jetbrains/kotlin/statistics/metrics/IStatisticsValuesConsumer$DefaultImpls
instanceKlass java/lang/reflect/Proxy$KeyX
instanceKlass org/jetbrains/kotlin/statistics/ValueAnonymizer
instanceKlass org/jetbrains/kotlin/statistics/metrics/IMetricContainerFactory
instanceKlass org/jetbrains/kotlin/statistics/fileloggers/MetricsContainer$Companion
instanceKlass org/jetbrains/kotlin/statistics/fileloggers/MetricsContainer
instanceKlass java/time/format/DateTimeFormatterBuilder$WeekBasedFieldPrinterParser
instanceKlass org/jetbrains/kotlin/statistics/BuildSessionLogger$Companion
instanceKlass org/jetbrains/kotlin/statistics/BuildSessionLogger
instanceKlass org/jetbrains/kotlin/gradle/plugin/statistics/KotlinBuildStatsMXBean
instanceKlass org/gradle/api/internal/artifacts/dsl/DefaultArtifactHandler$DynamicMethods
instanceKlass org/gradle/api/internal/artifacts/dsl/DefaultArtifactHandler
instanceKlass org/gradle/internal/service/scopes/ProjectScopeServices$$Lambda$354
instanceKlass org/gradle/normalization/internal/DefaultInputNormalizationHandler
instanceKlass org/gradle/normalization/internal/DefaultRuntimeClasspathNormalization
instanceKlass org/gradle/api/internal/file/ant/BaseDirSelector
instanceKlass org/apache/tools/ant/types/selectors/FileSelector
instanceKlass org/apache/tools/ant/types/resources/selectors/ResourceSelector
instanceKlass groovy/util/AntBuilderLocator
instanceKlass org/apache/tools/ant/helper/AntXMLContext
instanceKlass org/apache/tools/ant/ComponentHelper$$Lambda$353
instanceKlass org/apache/tools/ant/DefaultDefinitions
instanceKlass org/apache/tools/ant/TypeAdapter
instanceKlass org/apache/tools/ant/AntTypeDefinition
instanceKlass org/apache/tools/ant/property/ParseProperties$$Lambda$352
instanceKlass org/apache/tools/ant/property/ParseProperties$$Lambda$351
instanceKlass org/apache/tools/ant/property/ParseProperties
instanceKlass org/apache/tools/ant/ComponentHelper
instanceKlass java/text/CharacterIterator
instanceKlass org/apache/tools/ant/launch/Locator
instanceKlass org/apache/tools/ant/Main$$Lambda$350
instanceKlass org/apache/tools/ant/Main
instanceKlass org/apache/tools/ant/launch/AntMain
instanceKlass org/apache/tools/ant/PropertyHelper$PropertySetter
instanceKlass org/apache/tools/ant/PropertyHelper$2
instanceKlass org/apache/tools/ant/PropertyHelper$$Lambda$349
instanceKlass org/apache/tools/ant/PropertyHelper$$Lambda$348
instanceKlass org/apache/tools/ant/property/PropertyExpander
instanceKlass org/apache/tools/ant/property/ParseNextProperty
instanceKlass java/text/ParsePosition
instanceKlass org/apache/tools/ant/PropertyHelper$1
instanceKlass org/apache/tools/ant/PropertyHelper$PropertyEvaluator
instanceKlass org/apache/tools/ant/PropertyHelper$Delegate
instanceKlass org/apache/tools/ant/PropertyHelper
instanceKlass org/apache/tools/ant/property/GetProperty
instanceKlass org/apache/tools/ant/util/DeweyDecimal
instanceKlass org/apache/tools/ant/util/JavaEnvUtils
instanceKlass org/apache/tools/ant/util/StringUtils
instanceKlass org/apache/tools/ant/DefaultLogger
instanceKlass org/apache/tools/ant/Target
instanceKlass org/apache/tools/ant/TaskContainer
instanceKlass java/util/stream/StreamSpliterators$WrappingSpliterator$$Lambda$347
instanceKlass java/util/stream/StreamSpliterators$WrappingSpliterator$$Lambda$346
instanceKlass java/lang/invoke/LambdaForm$DMH
instanceKlass java/util/stream/AbstractSpinedBuffer
instanceKlass java/util/Spliterators$1Adapter
instanceKlass java/util/stream/StreamSpliterators$AbstractWrappingSpliterator
instanceKlass java/util/stream/AbstractPipeline$$Lambda$345
instanceKlass org/apache/tools/ant/ProjectHelperRepository$$Lambda$344
instanceKlass org/apache/tools/ant/ProjectHelperRepository$$Lambda$343
instanceKlass org/apache/tools/ant/ProjectHelperRepository$$Lambda$342
instanceKlass java/util/stream/Streams$AbstractStreamBuilderImpl
instanceKlass org/xml/sax/DTDHandler
instanceKlass org/xml/sax/ErrorHandler
instanceKlass org/xml/sax/EntityResolver
instanceKlass org/xml/sax/ContentHandler
instanceKlass org/apache/tools/ant/helper/ProjectHelper2$AntHandler
instanceKlass org/apache/tools/ant/util/LoaderUtils
instanceKlass org/apache/tools/ant/ProjectHelperRepository
instanceKlass org/apache/tools/ant/ProjectHelper$$Lambda$341
instanceKlass org/apache/tools/ant/ProjectHelper$$Lambda$340
instanceKlass org/apache/tools/ant/ProjectHelper
instanceKlass org/apache/tools/ant/input/DefaultInputHandler
instanceKlass org/apache/tools/ant/Project$$Lambda$339
instanceKlass org/apache/tools/ant/types/FilterSetCollection
instanceKlass org/apache/tools/ant/types/EnumeratedAttribute
instanceKlass org/apache/tools/ant/Location
instanceKlass org/apache/tools/ant/input/InputHandler
instanceKlass org/apache/tools/ant/Project
instanceKlass org/gradle/api/internal/project/ant/AntLoggingAdapter
instanceKlass org/gradle/api/internal/project/ant/DefaultAntLoggingAdapterFactory
instanceKlass org/gradle/api/internal/project/DefaultAntBuilderFactory
instanceKlass org/gradle/api/internal/project/DefaultProject$5
instanceKlass org/jetbrains/kotlin/gradle/plugin/statistics/KotlinBuildStatsService$Companion
instanceKlass org/jetbrains/kotlin/statistics/metrics/IStatisticsValuesConsumer
instanceKlass org/jetbrains/kotlin/gradle/utils/ResourceUtilsKt
instanceKlass org/jetbrains/kotlin/gradle/logging/GradleLoggingUtilsKt
instanceKlass org/jetbrains/kotlin/gradle/plugin/KotlinPluginWrapperKt
instanceKlass org/jetbrains/kotlin/gradle/testing/internal/KotlinTestsRegistry
instanceKlass com/android/build/gradle/internal/crash/CrashReporting$afterEvaluate$1
instanceKlass com/android/build/gradle/internal/plugins/BasePlugin$$Lambda$338
instanceKlass org/gradle/api/internal/artifacts/configurations/DefaultConfiguration$ConfigurationResolvableDependencies$ConfigurationArtifactView
instanceKlass com/android/build/gradle/internal/res/Aapt2MavenUtils$getArtifactCollection$1$1
instanceKlass com/android/build/gradle/internal/res/Aapt2MavenUtils$getArtifactCollection$1
instanceKlass org/gradle/api/internal/artifacts/transform/TransformationStep$1
instanceKlass org/gradle/api/internal/artifacts/transform/TransformationStep
instanceKlass org/gradle/api/internal/artifacts/transform/DefaultTransformationRegistrationFactory$DefaultArtifactTransformRegistration
instanceKlass org/gradle/work/InputChanges
instanceKlass org/gradle/internal/instantiation/generator/DependencyInjectingInstantiator$1
instanceKlass org/gradle/api/internal/tasks/properties/FileParameterUtils
instanceKlass org/gradle/api/internal/artifacts/transform/AbstractTransformer
instanceKlass org/gradle/api/internal/tasks/properties/ValidationAction
instanceKlass org/gradle/api/internal/tasks/properties/PropertyVisitor$Adapter
instanceKlass org/gradle/internal/reflect/MessageFormattingTypeValidationContext
instanceKlass org/gradle/api/internal/tasks/properties/DefaultTypeMetadataStore$DefaultTypeMetadata
instanceKlass org/gradle/api/internal/tasks/properties/DefaultTypeMetadataStore$DefaultPropertyMetadata
instanceKlass org/gradle/internal/reflect/TypeValidationContext$ReplayingTypeValidationContext$$Lambda$337
instanceKlass com/google/common/collect/CompactHashSet$1
instanceKlass org/gradle/internal/reflect/annotations/impl/DefaultTypeAnnotationMetadataStore$PropertyAnnotationMetadataBuilder$$Lambda$336
instanceKlass java/lang/invoke/LambdaForm$DMH
instanceKlass com/google/common/collect/SortedIterables
instanceKlass org/gradle/internal/reflect/annotations/impl/DefaultTypeAnnotationMetadata$$Lambda$335
instanceKlass org/gradle/internal/reflect/annotations/impl/DefaultTypeAnnotationMetadata
instanceKlass com/google/common/collect/AbstractMapBasedMultimap$KeySet$1
instanceKlass org/gradle/internal/reflect/annotations/impl/DefaultPropertyAnnotationMetadata
instanceKlass org/gradle/internal/reflect/annotations/impl/DefaultTypeAnnotationMetadataStore$$Lambda$334
instanceKlass org/gradle/internal/reflect/annotations/PropertyAnnotationMetadata
instanceKlass org/gradle/internal/reflect/annotations/impl/DefaultTypeAnnotationMetadataStore$$Lambda$333
instanceKlass org/gradle/internal/reflect/annotations/impl/DefaultTypeAnnotationMetadataStore$PropertyAnnotationMetadataBuilder
instanceKlass org/gradle/internal/reflect/annotations/impl/DefaultTypeAnnotationMetadataStore$$Lambda$332
instanceKlass org/gradle/api/artifacts/transform/TransformOutputs
instanceKlass org/gradle/internal/reflect/annotations/impl/DefaultTypeAnnotationMetadataStore$$Lambda$331
instanceKlass org/gradle/internal/reflect/annotations/impl/DefaultTypeAnnotationMetadataStore$$Lambda$330
instanceKlass org/gradle/internal/reflect/annotations/impl/DefaultTypeAnnotationMetadataStore$TypeAnnotationMetadataVisitor
instanceKlass org/gradle/internal/reflect/annotations/impl/DefaultTypeAnnotationMetadataStore$$Lambda$329
instanceKlass org/gradle/internal/reflect/annotations/impl/DefaultTypeAnnotationMetadataStore$$Lambda$328
instanceKlass org/gradle/internal/reflect/TypeValidationContext$1
instanceKlass org/gradle/internal/reflect/TypeValidationContext$ReplayingTypeValidationContext
instanceKlass com/android/build/gradle/internal/dependency/GenericTransformParameters_Decorated
instanceKlass com/android/build/gradle/internal/dependency/GenericTransformParameters
instanceKlass com/android/build/gradle/internal/res/Aapt2MavenUtils$getAapt2FromMavenAndVersion$1
instanceKlass com/android/build/gradle/internal/res/Aapt2Extractor
instanceKlass org/gradle/api/internal/artifacts/dependencies/DefaultDependencyArtifact
instanceKlass org/gradle/internal/typeconversion/MapKey
instanceKlass com/google/common/collect/Iterables
instanceKlass com/google/common/collect/Ordering
instanceKlass com/android/support/AndroidxNameUtils$$Lambda$327
instanceKlass com/sun/org/apache/xerces/internal/dom/NamedNodeMapImpl
instanceKlass org/w3c/dom/Comment
instanceKlass com/sun/org/apache/xerces/internal/dom/CharacterDataImpl$1
instanceKlass org/w3c/dom/Text
instanceKlass org/w3c/dom/CharacterData
instanceKlass com/android/utils/XmlUtils$SubTagIterator
instanceKlass com/sun/org/apache/xerces/internal/impl/Constants$ArrayEnumeration
instanceKlass com/sun/org/apache/xerces/internal/impl/Constants
instanceKlass com/sun/org/apache/xerces/internal/util/XMLChar
instanceKlass com/sun/org/apache/xerces/internal/dom/DeferredDocumentImpl$RefCount
instanceKlass com/sun/org/apache/xerces/internal/dom/NodeListCache
instanceKlass org/w3c/dom/DocumentType
instanceKlass com/sun/org/apache/xerces/internal/dom/NodeImpl
instanceKlass org/w3c/dom/events/EventTarget
instanceKlass org/w3c/dom/ranges/DocumentRange
instanceKlass org/w3c/dom/events/DocumentEvent
instanceKlass org/w3c/dom/traversal/DocumentTraversal
instanceKlass com/sun/org/apache/xerces/internal/dom/DeferredNode
instanceKlass com/sun/org/apache/xerces/internal/util/XMLSymbols
instanceKlass com/sun/xml/internal/stream/util/BufferAllocator
instanceKlass com/sun/xml/internal/stream/util/ThreadLocalBufferAllocator
instanceKlass com/sun/xml/internal/stream/Entity
instanceKlass com/sun/org/apache/xerces/internal/utils/XMLLimitAnalyzer
instanceKlass com/sun/org/apache/xerces/internal/xni/parser/XMLInputSource
instanceKlass com/sun/org/apache/xerces/internal/utils/XMLSecurityPropertyManager
instanceKlass com/sun/org/apache/xerces/internal/util/PropertyState
instanceKlass com/sun/org/apache/xerces/internal/util/FeatureState
